0: gpu035.ihep.ac.cn
GPU 0: Tesla V100-SXM2-32GB (UUID: GPU-8ac19b97-e996-d56f-26ed-caea68e1fcfc)
Allocate GPU cards : 0

modinfo:
filename:       /lib/modules/3.10.0-1160.71.1.el7.x86_64/extra/nvidia.ko.xz
firmware:       nvidia/515.65.01/gsp.bin
alias:          char-major-195-*
version:        515.65.01
supported:      external
license:        NVIDIA
retpoline:      Y
rhelversion:    7.9
srcversion:     8049D44E2C1B08F41E1B8A6
alias:          pci:v000010DEd*sv*sd*bc06sc80i00*
alias:          pci:v000010DEd*sv*sd*bc03sc02i00*
alias:          pci:v000010DEd*sv*sd*bc03sc00i00*
depends:        drm
vermagic:       3.10.0-1160.71.1.el7.x86_64 SMP mod_unload modversions 
signer:         DKMS module signing key
sig_key:        70:B2:A7:DF:ED:82:78:26:9F:D8:28:A0:1D:52:CD:B5:3B:DF:C3:17
sig_hashalgo:   sha512
parm:           NvSwitchRegDwords:NvSwitch regkey (charp)
parm:           NvSwitchBlacklist:NvSwitchBlacklist=uuid[,uuid...] (charp)
parm:           NVreg_ResmanDebugLevel:int
parm:           NVreg_RmLogonRC:int
parm:           NVreg_ModifyDeviceFiles:int
parm:           NVreg_DeviceFileUID:int
parm:           NVreg_DeviceFileGID:int
parm:           NVreg_DeviceFileMode:int
parm:           NVreg_InitializeSystemMemoryAllocations:int
parm:           NVreg_UsePageAttributeTable:int
parm:           NVreg_EnablePCIeGen3:int
parm:           NVreg_EnableMSI:int
parm:           NVreg_TCEBypassMode:int
parm:           NVreg_EnableStreamMemOPs:int
parm:           NVreg_RestrictProfilingToAdminUsers:int
parm:           NVreg_PreserveVideoMemoryAllocations:int
parm:           NVreg_EnableS0ixPowerManagement:int
parm:           NVreg_S0ixPowerManagementVideoMemoryThreshold:int
parm:           NVreg_DynamicPowerManagement:int
parm:           NVreg_DynamicPowerManagementVideoMemoryThreshold:int
parm:           NVreg_EnableGpuFirmware:int
parm:           NVreg_EnableGpuFirmwareLogs:int
parm:           NVreg_OpenRmEnableUnsupportedGpus:int
parm:           NVreg_EnableUserNUMAManagement:int
parm:           NVreg_MemoryPoolSize:int
parm:           NVreg_KMallocHeapMaxSize:int
parm:           NVreg_VMallocHeapMaxSize:int
parm:           NVreg_IgnoreMMIOCheck:int
parm:           NVreg_NvLinkDisable:int
parm:           NVreg_EnablePCIERelaxedOrderingMode:int
parm:           NVreg_RegisterPCIDriver:int
parm:           NVreg_EnableDbgBreakpoint:int
parm:           NVreg_RegistryDwords:charp
parm:           NVreg_RegistryDwordsPerDevice:charp
parm:           NVreg_RmMsg:charp
parm:           NVreg_GpuBlacklist:charp
parm:           NVreg_TemporaryFilePath:charp
parm:           NVreg_ExcludedGpus:charp
parm:           NVreg_DmaRemapPeerMmio:int
parm:           rm_firmware_active:charp

nvidia-smi:
Mon Jan  9 16:55:31 2023       
+-----------------------------------------------------------------------------+
| NVIDIA-SMI 515.65.01    Driver Version: 515.65.01    CUDA Version: 11.7     |
|-------------------------------+----------------------+----------------------+
| GPU  Name        Persistence-M| Bus-Id        Disp.A | Volatile Uncorr. ECC |
| Fan  Temp  Perf  Pwr:Usage/Cap|         Memory-Usage | GPU-Util  Compute M. |
|                               |                      |               MIG M. |
|===============================+======================+======================|
|   0  Tesla V100-SXM2...  On   | 00000000:16:00.0 Off |                    0 |
| N/A   43C    P0    40W / 300W |      0MiB / 32768MiB |      0%      Default |
|                               |                      |                  N/A |
+-------------------------------+----------------------+----------------------+
                                                                               
+-----------------------------------------------------------------------------+
| Processes:                                                                  |
|  GPU   GI   CI        PID   Type   Process name                  GPU Memory |
|        ID   ID                                                   Usage      |
|=============================================================================|
|  No running processes found                                                 |
+-----------------------------------------------------------------------------+

nvcc --version:
nvcc: NVIDIA (R) Cuda compiler driver
Copyright (c) 2005-2021 NVIDIA Corporation
Built on Sun_Mar_21_19:15:46_PDT_2021
Cuda compilation tools, release 11.3, V11.3.58
Build cuda_11.3.r11.3/compiler.29745058_0

 torch version: 1.10.2

 cuda version: 11.3

 is cuda available: True

 CUDNN VERSION: 8200

 Number CUDA Devices: 1

 CUDA Device Name: Tesla V100-SXM2-32GB

 CUDA Device Total Memory [GB]: 34.089926656

 Device capability: (7, 0) 

 Cuda deviice: <torch.cuda.device object at 0x2b6f571fe880> 

 Is cuda initialized: True

 CUDA_HOME: /hpcfs/bes/mlgpu/hoseinkk/Miniconda3/envs/dgl1

real	0m2.966s
user	0m1.738s
sys	0m0.503s




 Training ... 






 The Network ... 






 The graph ... 



edge_index
 tensor([[   0,    1,    2,  ..., 6507, 6507, 6507],
        [   1,    2,    3,  ..., 6219, 6794, 6795]]) 

edge_index shape
 torch.Size([2, 1175277])
graph: Graph(num_nodes=6796, num_edges=1175277,
      ndata_schemes={}
      edata_schemes={}) 
nodes: tensor([   0,    1,    2,  ..., 6793, 6794, 6795], device='cuda:0') 
nodes shape: torch.Size([6796]) 
edges: (tensor([   0,    1,    2,  ..., 6507, 6507, 6507], device='cuda:0'), tensor([   1,    2,    3,  ..., 6219, 6794, 6795], device='cuda:0'))

number of nodes: 6796

number of edges: 2350554

node features (random input): tensor([[-0.1155],
        [-1.6892],
        [-2.7468],
        ...,
        [-0.5132],
        [-0.0372],
        [-0.4423]], device='cuda:0', requires_grad=True) 
node features sum: tensor(137.9753, device='cuda:0', grad_fn=<SumBackward0>)

edges features: tensor([[1.],
        [1.],
        [1.],
        ...,
        [1.],
        [1.],
        [1.]], device='cuda:0', requires_grad=True) 
edges features sum: tensor(2350554., device='cuda:0', grad_fn=<SumBackward0>)

example: 
Out degrees of node 234: 399

In degrees of node 234: 399





 Loading data ... 



training set shape (80000, 6796) 
sum 8401300

target set shape (80000, 6796) 
sum 5574226

TraTen and TrvTen shape:
 torch.Size([80000, 6796]) torch.Size([80000, 6796])
Model name: DGLBhaGcnReNewestweight7N4SecNei

net GCN(
  (conv1): GraphConv(in=1, out=256, normalization=both, activation=None)
  (linear1): Linear(in_features=2350554, out_features=256, bias=True)
  (linear2): Linear(in_features=256, out_features=2350554, bias=True)
  (conv2): GraphConv(in=256, out=128, normalization=both, activation=None)
  (conv3): GraphConv(in=128, out=64, normalization=both, activation=None)
  (conv4): GraphConv(in=64, out=32, normalization=both, activation=None)
  (conv5): GraphConv(in=32, out=1, normalization=both, activation=None)
) 
number of the free learnable parameters: 1205878235

parameters of the network:

name conv1.weight 
shape:
 torch.Size([1, 256]) 
grad:
 True 
date:
 tensor([[-0.0497, -0.0561, -0.1512,  0.1006, -0.0136,  0.0266, -0.1238,  0.1351,
         -0.1353,  0.0024, -0.0934,  0.1391, -0.0677,  0.1271, -0.0780, -0.0513,
         -0.0347,  0.1418, -0.0190,  0.0290, -0.0193, -0.0499, -0.0253,  0.1410,
          0.0636, -0.0308, -0.0817, -0.0294,  0.0875, -0.0451, -0.0369, -0.1062,
          0.1120,  0.1206,  0.1001,  0.0033,  0.1527,  0.0394,  0.1363,  0.0553,
          0.1003,  0.1427,  0.1522,  0.0746,  0.0094,  0.0547, -0.0386,  0.0860,
         -0.0616, -0.1280, -0.0612, -0.1228, -0.1023,  0.0607,  0.0685, -0.0659,
          0.0404,  0.0897, -0.1406,  0.0698,  0.0198, -0.0442, -0.0158,  0.0683,
          0.0440,  0.1401, -0.0325,  0.1348, -0.1195, -0.0653, -0.0471,  0.1255,
          0.1378, -0.1408,  0.1123,  0.0643, -0.0426,  0.0873,  0.0086,  0.1447,
         -0.0472, -0.0221, -0.1255, -0.0869,  0.0259,  0.0306, -0.0558,  0.0060,
          0.0980, -0.1097,  0.0402, -0.0197,  0.0582,  0.1239, -0.0391,  0.1440,
         -0.0041, -0.0431, -0.0499, -0.1446,  0.1021, -0.1273, -0.0600,  0.0498,
          0.0981,  0.0006, -0.0261, -0.1274,  0.1449,  0.1140, -0.1434,  0.0551,
         -0.1050,  0.1398, -0.0662,  0.1224, -0.0126,  0.1065, -0.0962, -0.0562,
          0.0204,  0.0718,  0.0633,  0.0604,  0.0186,  0.1338, -0.1443, -0.0321,
          0.0986, -0.0051,  0.1165, -0.0941,  0.1426,  0.0514,  0.0319,  0.1441,
         -0.0851,  0.0164,  0.0121,  0.0540, -0.0807, -0.1186, -0.0109,  0.0064,
          0.0342,  0.0465, -0.0263, -0.0436,  0.0581,  0.0675, -0.0848, -0.1134,
          0.1522, -0.1516, -0.0727, -0.1417, -0.0886, -0.1200,  0.0655,  0.0130,
          0.1096, -0.0043,  0.0218,  0.1360,  0.1041, -0.0779,  0.0441,  0.0764,
         -0.0758,  0.0320,  0.0213, -0.1523, -0.0154,  0.1351, -0.0578, -0.0366,
          0.0391, -0.1038, -0.1354,  0.0921, -0.1098, -0.1047, -0.0429,  0.0567,
          0.0033,  0.0950, -0.0488,  0.0657, -0.1323,  0.0255,  0.0481, -0.0283,
         -0.1303,  0.1313,  0.1049, -0.0491,  0.1053, -0.1310,  0.0464, -0.1518,
          0.1294, -0.1413,  0.0080, -0.1032,  0.0174,  0.0849,  0.0090, -0.0096,
          0.1031,  0.1418,  0.0811, -0.0818, -0.1401,  0.1052,  0.1011,  0.0722,
         -0.0107,  0.0984, -0.0589, -0.1271, -0.0657,  0.0232, -0.1114,  0.0862,
          0.0133, -0.0932, -0.1366, -0.1417, -0.1345, -0.1032,  0.1057,  0.0568,
          0.0499,  0.1006,  0.0511,  0.0082,  0.1253,  0.1525,  0.0902,  0.0445,
         -0.1405,  0.0756,  0.0722, -0.1092,  0.0302, -0.0493,  0.1284,  0.1411,
          0.1284, -0.0770, -0.1171, -0.0211,  0.0742,  0.0488, -0.0976, -0.0725]],
       device='cuda:0') 
parameter:
 Parameter containing:
tensor([[-0.0497, -0.0561, -0.1512,  0.1006, -0.0136,  0.0266, -0.1238,  0.1351,
         -0.1353,  0.0024, -0.0934,  0.1391, -0.0677,  0.1271, -0.0780, -0.0513,
         -0.0347,  0.1418, -0.0190,  0.0290, -0.0193, -0.0499, -0.0253,  0.1410,
          0.0636, -0.0308, -0.0817, -0.0294,  0.0875, -0.0451, -0.0369, -0.1062,
          0.1120,  0.1206,  0.1001,  0.0033,  0.1527,  0.0394,  0.1363,  0.0553,
          0.1003,  0.1427,  0.1522,  0.0746,  0.0094,  0.0547, -0.0386,  0.0860,
         -0.0616, -0.1280, -0.0612, -0.1228, -0.1023,  0.0607,  0.0685, -0.0659,
          0.0404,  0.0897, -0.1406,  0.0698,  0.0198, -0.0442, -0.0158,  0.0683,
          0.0440,  0.1401, -0.0325,  0.1348, -0.1195, -0.0653, -0.0471,  0.1255,
          0.1378, -0.1408,  0.1123,  0.0643, -0.0426,  0.0873,  0.0086,  0.1447,
         -0.0472, -0.0221, -0.1255, -0.0869,  0.0259,  0.0306, -0.0558,  0.0060,
          0.0980, -0.1097,  0.0402, -0.0197,  0.0582,  0.1239, -0.0391,  0.1440,
         -0.0041, -0.0431, -0.0499, -0.1446,  0.1021, -0.1273, -0.0600,  0.0498,
          0.0981,  0.0006, -0.0261, -0.1274,  0.1449,  0.1140, -0.1434,  0.0551,
         -0.1050,  0.1398, -0.0662,  0.1224, -0.0126,  0.1065, -0.0962, -0.0562,
          0.0204,  0.0718,  0.0633,  0.0604,  0.0186,  0.1338, -0.1443, -0.0321,
          0.0986, -0.0051,  0.1165, -0.0941,  0.1426,  0.0514,  0.0319,  0.1441,
         -0.0851,  0.0164,  0.0121,  0.0540, -0.0807, -0.1186, -0.0109,  0.0064,
          0.0342,  0.0465, -0.0263, -0.0436,  0.0581,  0.0675, -0.0848, -0.1134,
          0.1522, -0.1516, -0.0727, -0.1417, -0.0886, -0.1200,  0.0655,  0.0130,
          0.1096, -0.0043,  0.0218,  0.1360,  0.1041, -0.0779,  0.0441,  0.0764,
         -0.0758,  0.0320,  0.0213, -0.1523, -0.0154,  0.1351, -0.0578, -0.0366,
          0.0391, -0.1038, -0.1354,  0.0921, -0.1098, -0.1047, -0.0429,  0.0567,
          0.0033,  0.0950, -0.0488,  0.0657, -0.1323,  0.0255,  0.0481, -0.0283,
         -0.1303,  0.1313,  0.1049, -0.0491,  0.1053, -0.1310,  0.0464, -0.1518,
          0.1294, -0.1413,  0.0080, -0.1032,  0.0174,  0.0849,  0.0090, -0.0096,
          0.1031,  0.1418,  0.0811, -0.0818, -0.1401,  0.1052,  0.1011,  0.0722,
         -0.0107,  0.0984, -0.0589, -0.1271, -0.0657,  0.0232, -0.1114,  0.0862,
          0.0133, -0.0932, -0.1366, -0.1417, -0.1345, -0.1032,  0.1057,  0.0568,
          0.0499,  0.1006,  0.0511,  0.0082,  0.1253,  0.1525,  0.0902,  0.0445,
         -0.1405,  0.0756,  0.0722, -0.1092,  0.0302, -0.0493,  0.1284,  0.1411,
          0.1284, -0.0770, -0.1171, -0.0211,  0.0742,  0.0488, -0.0976, -0.0725]],
       device='cuda:0', requires_grad=True)

name conv1.bias 
shape:
 torch.Size([256]) 
grad:
 True 
date:
 tensor([0., 0., 0., 0., 0., 0., 0., 0., 0., 0., 0., 0., 0., 0., 0., 0., 0., 0., 0., 0., 0., 0., 0., 0.,
        0., 0., 0., 0., 0., 0., 0., 0., 0., 0., 0., 0., 0., 0., 0., 0., 0., 0., 0., 0., 0., 0., 0., 0.,
        0., 0., 0., 0., 0., 0., 0., 0., 0., 0., 0., 0., 0., 0., 0., 0., 0., 0., 0., 0., 0., 0., 0., 0.,
        0., 0., 0., 0., 0., 0., 0., 0., 0., 0., 0., 0., 0., 0., 0., 0., 0., 0., 0., 0., 0., 0., 0., 0.,
        0., 0., 0., 0., 0., 0., 0., 0., 0., 0., 0., 0., 0., 0., 0., 0., 0., 0., 0., 0., 0., 0., 0., 0.,
        0., 0., 0., 0., 0., 0., 0., 0., 0., 0., 0., 0., 0., 0., 0., 0., 0., 0., 0., 0., 0., 0., 0., 0.,
        0., 0., 0., 0., 0., 0., 0., 0., 0., 0., 0., 0., 0., 0., 0., 0., 0., 0., 0., 0., 0., 0., 0., 0.,
        0., 0., 0., 0., 0., 0., 0., 0., 0., 0., 0., 0., 0., 0., 0., 0., 0., 0., 0., 0., 0., 0., 0., 0.,
        0., 0., 0., 0., 0., 0., 0., 0., 0., 0., 0., 0., 0., 0., 0., 0., 0., 0., 0., 0., 0., 0., 0., 0.,
        0., 0., 0., 0., 0., 0., 0., 0., 0., 0., 0., 0., 0., 0., 0., 0., 0., 0., 0., 0., 0., 0., 0., 0.,
        0., 0., 0., 0., 0., 0., 0., 0., 0., 0., 0., 0., 0., 0., 0., 0.],
       device='cuda:0') 
parameter:
 Parameter containing:
tensor([0., 0., 0., 0., 0., 0., 0., 0., 0., 0., 0., 0., 0., 0., 0., 0., 0., 0., 0., 0., 0., 0., 0., 0.,
        0., 0., 0., 0., 0., 0., 0., 0., 0., 0., 0., 0., 0., 0., 0., 0., 0., 0., 0., 0., 0., 0., 0., 0.,
        0., 0., 0., 0., 0., 0., 0., 0., 0., 0., 0., 0., 0., 0., 0., 0., 0., 0., 0., 0., 0., 0., 0., 0.,
        0., 0., 0., 0., 0., 0., 0., 0., 0., 0., 0., 0., 0., 0., 0., 0., 0., 0., 0., 0., 0., 0., 0., 0.,
        0., 0., 0., 0., 0., 0., 0., 0., 0., 0., 0., 0., 0., 0., 0., 0., 0., 0., 0., 0., 0., 0., 0., 0.,
        0., 0., 0., 0., 0., 0., 0., 0., 0., 0., 0., 0., 0., 0., 0., 0., 0., 0., 0., 0., 0., 0., 0., 0.,
        0., 0., 0., 0., 0., 0., 0., 0., 0., 0., 0., 0., 0., 0., 0., 0., 0., 0., 0., 0., 0., 0., 0., 0.,
        0., 0., 0., 0., 0., 0., 0., 0., 0., 0., 0., 0., 0., 0., 0., 0., 0., 0., 0., 0., 0., 0., 0., 0.,
        0., 0., 0., 0., 0., 0., 0., 0., 0., 0., 0., 0., 0., 0., 0., 0., 0., 0., 0., 0., 0., 0., 0., 0.,
        0., 0., 0., 0., 0., 0., 0., 0., 0., 0., 0., 0., 0., 0., 0., 0., 0., 0., 0., 0., 0., 0., 0., 0.,
        0., 0., 0., 0., 0., 0., 0., 0., 0., 0., 0., 0., 0., 0., 0., 0.],
       device='cuda:0', requires_grad=True)

name linear1.weight 
shape:
 torch.Size([256, 2350554]) 
grad:
 True 
date:
 tensor([[ 5.8094e-04,  1.6700e-04,  3.9940e-04,  ..., -4.3809e-04,
          1.2316e-04,  3.6440e-04],
        [ 4.0175e-04, -2.6153e-04,  2.2209e-04,  ...,  4.8413e-04,
          3.9489e-04,  6.1947e-04],
        [ 6.4016e-04,  3.5419e-04, -2.6663e-04,  ..., -2.2758e-04,
         -6.0224e-04, -5.2994e-05],
        ...,
        [ 6.0711e-04, -3.8856e-04,  6.3771e-04,  ...,  2.4279e-04,
          5.8648e-04,  5.6772e-04],
        [-2.0017e-04,  5.1628e-04,  9.4151e-05,  ...,  5.8051e-04,
          5.1818e-04, -7.5228e-05],
        [ 8.4214e-05, -4.4700e-05,  4.3063e-04,  ..., -3.9493e-05,
          3.1354e-04,  3.5048e-04]], device='cuda:0') 
parameter:
 Parameter containing:
tensor([[ 5.8094e-04,  1.6700e-04,  3.9940e-04,  ..., -4.3809e-04,
          1.2316e-04,  3.6440e-04],
        [ 4.0175e-04, -2.6153e-04,  2.2209e-04,  ...,  4.8413e-04,
          3.9489e-04,  6.1947e-04],
        [ 6.4016e-04,  3.5419e-04, -2.6663e-04,  ..., -2.2758e-04,
         -6.0224e-04, -5.2994e-05],
        ...,
        [ 6.0711e-04, -3.8856e-04,  6.3771e-04,  ...,  2.4279e-04,
          5.8648e-04,  5.6772e-04],
        [-2.0017e-04,  5.1628e-04,  9.4151e-05,  ...,  5.8051e-04,
          5.1818e-04, -7.5228e-05],
        [ 8.4214e-05, -4.4700e-05,  4.3063e-04,  ..., -3.9493e-05,
          3.1354e-04,  3.5048e-04]], device='cuda:0', requires_grad=True)

name linear1.bias 
shape:
 torch.Size([256]) 
grad:
 True 
date:
 tensor([-1.6425e-04, -6.1853e-04, -1.6635e-04, -5.5346e-04,  4.6434e-04,
        -3.7749e-04, -3.1074e-04,  4.3592e-04, -1.8257e-04, -6.0912e-04,
         1.7289e-04,  4.9348e-04, -2.6923e-04, -2.6335e-04, -6.4429e-04,
         4.3973e-04, -7.5994e-05,  6.0574e-04,  5.1768e-04, -2.7124e-04,
        -1.6049e-04,  1.2675e-05,  3.3569e-04,  3.3345e-04,  1.9743e-04,
         3.9591e-04,  5.2428e-04,  2.4079e-04,  2.8448e-04, -3.7860e-04,
        -5.3912e-04, -4.6900e-04, -4.5232e-05,  4.7341e-04, -2.8316e-04,
         8.6693e-05,  5.1192e-05,  2.0375e-04,  4.2900e-04, -2.5587e-04,
         3.8623e-04,  1.1543e-04, -3.0222e-05, -9.7137e-05,  2.6432e-04,
         1.8175e-04,  5.8557e-04, -4.4300e-04, -1.7136e-04,  5.7571e-04,
         3.4473e-05, -6.0751e-04,  1.4971e-04, -8.1709e-05, -3.4488e-04,
        -1.9801e-04,  5.1116e-04,  5.5471e-04, -2.4180e-04, -2.3667e-04,
        -3.1589e-04,  6.9953e-05,  9.4159e-05, -5.2821e-04, -2.2777e-04,
        -4.2791e-04,  4.2689e-04,  5.5981e-04,  6.1705e-04,  8.0445e-05,
         3.1669e-04,  2.5820e-04,  2.1323e-05, -2.9177e-05,  5.9671e-04,
         1.3111e-04,  5.9019e-04,  3.0572e-04, -5.9623e-06, -3.0181e-04,
        -6.3306e-04, -2.4290e-04,  7.0591e-05,  6.4965e-04, -2.3760e-05,
         1.8180e-04,  2.7268e-04,  3.2545e-04, -6.1657e-04, -1.2414e-05,
         4.9204e-04, -5.9324e-04, -6.3125e-04,  6.6220e-05,  4.3049e-04,
        -2.8446e-04,  4.5802e-04, -1.8152e-04, -5.6603e-04,  1.0843e-04,
         1.3038e-04,  6.3654e-04, -6.3154e-04,  5.0675e-05, -5.6631e-04,
         7.6715e-05, -3.5206e-05,  4.7281e-04,  8.2021e-05, -9.2158e-05,
         5.8808e-04,  7.7725e-06, -6.4758e-04,  2.4784e-04, -2.9372e-04,
         3.6032e-04, -2.2032e-05, -5.4033e-04, -3.0068e-04,  1.6006e-04,
        -6.2058e-04, -4.5019e-04,  2.0896e-05,  5.1342e-04, -6.3839e-04,
         3.9760e-04, -4.6326e-04, -1.1776e-04,  3.4008e-04, -3.6566e-04,
         5.5523e-04,  2.3838e-04, -2.6969e-04,  5.6942e-04,  1.2764e-04,
         3.9854e-04,  5.8106e-05,  4.5265e-04, -2.3228e-04,  1.3157e-05,
         5.2532e-04,  1.1232e-04, -3.1605e-04, -3.2680e-04, -3.5234e-05,
         6.3265e-04, -2.2894e-04,  2.1942e-05,  2.7116e-04,  3.2078e-04,
         3.3690e-05, -3.8426e-04,  6.1875e-04,  3.8101e-04,  5.2895e-04,
        -5.7919e-04, -1.8212e-04,  4.2231e-04, -1.6907e-04, -4.8462e-05,
         3.7463e-04, -6.0638e-04,  3.3063e-04,  1.0103e-04,  1.5348e-04,
        -1.7122e-04,  2.9588e-04,  2.9784e-04, -2.7105e-04, -2.8995e-06,
         4.8149e-05, -1.6823e-04, -1.3793e-04,  1.6153e-04, -3.4935e-04,
        -3.7046e-04,  3.0134e-05, -2.6946e-04, -4.8633e-04, -4.8450e-04,
        -6.3850e-04, -3.6910e-04, -3.4795e-04,  5.5633e-04, -1.9186e-04,
         3.3260e-04, -4.7922e-04, -3.7500e-04, -2.1076e-04, -4.1117e-04,
         1.5058e-04,  1.3934e-04, -2.8610e-04,  3.2209e-04, -4.5921e-04,
        -1.9011e-04, -4.2529e-04,  2.5146e-05,  3.4958e-04, -2.1016e-04,
         2.2141e-04,  6.0560e-04, -1.4020e-04,  2.9030e-05,  1.4505e-04,
         1.5185e-04,  5.4868e-04, -3.6114e-04,  3.2902e-06, -6.2752e-04,
        -1.2494e-04,  5.1125e-04, -2.1138e-04, -2.2192e-04, -5.5454e-04,
        -5.1877e-04, -3.8105e-04,  5.6975e-04, -6.3478e-05,  2.2265e-05,
         4.8976e-04, -4.4258e-04, -3.8283e-04,  2.9069e-04, -2.4696e-04,
        -5.0729e-05, -5.7220e-04, -4.5706e-04,  2.4346e-04, -3.9486e-04,
         4.0546e-04, -2.2255e-04,  5.3835e-04, -6.0114e-04, -1.0849e-04,
         3.3881e-04, -4.3804e-04,  3.9053e-04,  3.1640e-04,  3.5821e-04,
        -2.9833e-04, -5.2401e-04, -5.5976e-04, -5.2231e-04, -1.3857e-05,
         4.7282e-04, -5.1956e-04, -4.9033e-04, -6.3302e-04,  2.6371e-04,
        -4.7893e-04,  5.3669e-05, -1.4878e-04,  2.5507e-04,  2.6289e-04,
         5.8598e-04], device='cuda:0') 
parameter:
 Parameter containing:
tensor([-1.6425e-04, -6.1853e-04, -1.6635e-04, -5.5346e-04,  4.6434e-04,
        -3.7749e-04, -3.1074e-04,  4.3592e-04, -1.8257e-04, -6.0912e-04,
         1.7289e-04,  4.9348e-04, -2.6923e-04, -2.6335e-04, -6.4429e-04,
         4.3973e-04, -7.5994e-05,  6.0574e-04,  5.1768e-04, -2.7124e-04,
        -1.6049e-04,  1.2675e-05,  3.3569e-04,  3.3345e-04,  1.9743e-04,
         3.9591e-04,  5.2428e-04,  2.4079e-04,  2.8448e-04, -3.7860e-04,
        -5.3912e-04, -4.6900e-04, -4.5232e-05,  4.7341e-04, -2.8316e-04,
         8.6693e-05,  5.1192e-05,  2.0375e-04,  4.2900e-04, -2.5587e-04,
         3.8623e-04,  1.1543e-04, -3.0222e-05, -9.7137e-05,  2.6432e-04,
         1.8175e-04,  5.8557e-04, -4.4300e-04, -1.7136e-04,  5.7571e-04,
         3.4473e-05, -6.0751e-04,  1.4971e-04, -8.1709e-05, -3.4488e-04,
        -1.9801e-04,  5.1116e-04,  5.5471e-04, -2.4180e-04, -2.3667e-04,
        -3.1589e-04,  6.9953e-05,  9.4159e-05, -5.2821e-04, -2.2777e-04,
        -4.2791e-04,  4.2689e-04,  5.5981e-04,  6.1705e-04,  8.0445e-05,
         3.1669e-04,  2.5820e-04,  2.1323e-05, -2.9177e-05,  5.9671e-04,
         1.3111e-04,  5.9019e-04,  3.0572e-04, -5.9623e-06, -3.0181e-04,
        -6.3306e-04, -2.4290e-04,  7.0591e-05,  6.4965e-04, -2.3760e-05,
         1.8180e-04,  2.7268e-04,  3.2545e-04, -6.1657e-04, -1.2414e-05,
         4.9204e-04, -5.9324e-04, -6.3125e-04,  6.6220e-05,  4.3049e-04,
        -2.8446e-04,  4.5802e-04, -1.8152e-04, -5.6603e-04,  1.0843e-04,
         1.3038e-04,  6.3654e-04, -6.3154e-04,  5.0675e-05, -5.6631e-04,
         7.6715e-05, -3.5206e-05,  4.7281e-04,  8.2021e-05, -9.2158e-05,
         5.8808e-04,  7.7725e-06, -6.4758e-04,  2.4784e-04, -2.9372e-04,
         3.6032e-04, -2.2032e-05, -5.4033e-04, -3.0068e-04,  1.6006e-04,
        -6.2058e-04, -4.5019e-04,  2.0896e-05,  5.1342e-04, -6.3839e-04,
         3.9760e-04, -4.6326e-04, -1.1776e-04,  3.4008e-04, -3.6566e-04,
         5.5523e-04,  2.3838e-04, -2.6969e-04,  5.6942e-04,  1.2764e-04,
         3.9854e-04,  5.8106e-05,  4.5265e-04, -2.3228e-04,  1.3157e-05,
         5.2532e-04,  1.1232e-04, -3.1605e-04, -3.2680e-04, -3.5234e-05,
         6.3265e-04, -2.2894e-04,  2.1942e-05,  2.7116e-04,  3.2078e-04,
         3.3690e-05, -3.8426e-04,  6.1875e-04,  3.8101e-04,  5.2895e-04,
        -5.7919e-04, -1.8212e-04,  4.2231e-04, -1.6907e-04, -4.8462e-05,
         3.7463e-04, -6.0638e-04,  3.3063e-04,  1.0103e-04,  1.5348e-04,
        -1.7122e-04,  2.9588e-04,  2.9784e-04, -2.7105e-04, -2.8995e-06,
         4.8149e-05, -1.6823e-04, -1.3793e-04,  1.6153e-04, -3.4935e-04,
        -3.7046e-04,  3.0134e-05, -2.6946e-04, -4.8633e-04, -4.8450e-04,
        -6.3850e-04, -3.6910e-04, -3.4795e-04,  5.5633e-04, -1.9186e-04,
         3.3260e-04, -4.7922e-04, -3.7500e-04, -2.1076e-04, -4.1117e-04,
         1.5058e-04,  1.3934e-04, -2.8610e-04,  3.2209e-04, -4.5921e-04,
        -1.9011e-04, -4.2529e-04,  2.5146e-05,  3.4958e-04, -2.1016e-04,
         2.2141e-04,  6.0560e-04, -1.4020e-04,  2.9030e-05,  1.4505e-04,
         1.5185e-04,  5.4868e-04, -3.6114e-04,  3.2902e-06, -6.2752e-04,
        -1.2494e-04,  5.1125e-04, -2.1138e-04, -2.2192e-04, -5.5454e-04,
        -5.1877e-04, -3.8105e-04,  5.6975e-04, -6.3478e-05,  2.2265e-05,
         4.8976e-04, -4.4258e-04, -3.8283e-04,  2.9069e-04, -2.4696e-04,
        -5.0729e-05, -5.7220e-04, -4.5706e-04,  2.4346e-04, -3.9486e-04,
         4.0546e-04, -2.2255e-04,  5.3835e-04, -6.0114e-04, -1.0849e-04,
         3.3881e-04, -4.3804e-04,  3.9053e-04,  3.1640e-04,  3.5821e-04,
        -2.9833e-04, -5.2401e-04, -5.5976e-04, -5.2231e-04, -1.3857e-05,
         4.7282e-04, -5.1956e-04, -4.9033e-04, -6.3302e-04,  2.6371e-04,
        -4.7893e-04,  5.3669e-05, -1.4878e-04,  2.5507e-04,  2.6289e-04,
         5.8598e-04], device='cuda:0', requires_grad=True)

name linear2.weight 
shape:
 torch.Size([2350554, 256]) 
grad:
 True 
date:
 tensor([[-0.0555, -0.0182,  0.0526,  ..., -0.0590,  0.0528, -0.0323],
        [-0.0578,  0.0215, -0.0173,  ...,  0.0261, -0.0450, -0.0548],
        [-0.0158,  0.0529, -0.0313,  ..., -0.0346, -0.0321, -0.0473],
        ...,
        [ 0.0092,  0.0191,  0.0500,  ...,  0.0506, -0.0095, -0.0278],
        [-0.0548, -0.0036, -0.0150,  ...,  0.0252,  0.0230, -0.0043],
        [ 0.0284,  0.0218,  0.0207,  ...,  0.0326,  0.0357,  0.0019]],
       device='cuda:0') 
parameter:
 Parameter containing:
tensor([[-0.0555, -0.0182,  0.0526,  ..., -0.0590,  0.0528, -0.0323],
        [-0.0578,  0.0215, -0.0173,  ...,  0.0261, -0.0450, -0.0548],
        [-0.0158,  0.0529, -0.0313,  ..., -0.0346, -0.0321, -0.0473],
        ...,
        [ 0.0092,  0.0191,  0.0500,  ...,  0.0506, -0.0095, -0.0278],
        [-0.0548, -0.0036, -0.0150,  ...,  0.0252,  0.0230, -0.0043],
        [ 0.0284,  0.0218,  0.0207,  ...,  0.0326,  0.0357,  0.0019]],
       device='cuda:0', requires_grad=True)

name linear2.bias 
shape:
 torch.Size([2350554]) 
grad:
 True 
date:
 tensor([ 0.0587,  0.0286, -0.0361,  ..., -0.0467,  0.0514, -0.0559],
       device='cuda:0') 
parameter:
 Parameter containing:
tensor([ 0.0587,  0.0286, -0.0361,  ..., -0.0467,  0.0514, -0.0559],
       device='cuda:0', requires_grad=True)

name conv2.weight 
shape:
 torch.Size([256, 128]) 
grad:
 True 
date:
 tensor([[-0.0224,  0.0286,  0.0162,  ...,  0.0044, -0.0417, -0.1068],
        [-0.0241,  0.0185, -0.0123,  ...,  0.0389,  0.0930,  0.1119],
        [-0.0122, -0.0016, -0.0758,  ...,  0.0851, -0.0424, -0.1125],
        ...,
        [-0.1212,  0.0370,  0.1123,  ..., -0.0904, -0.1243,  0.0125],
        [ 0.0786, -0.0658, -0.0300,  ...,  0.0564,  0.0798,  0.0664],
        [-0.0424,  0.0854,  0.1171,  ...,  0.0940,  0.1234,  0.0628]],
       device='cuda:0') 
parameter:
 Parameter containing:
tensor([[-0.0224,  0.0286,  0.0162,  ...,  0.0044, -0.0417, -0.1068],
        [-0.0241,  0.0185, -0.0123,  ...,  0.0389,  0.0930,  0.1119],
        [-0.0122, -0.0016, -0.0758,  ...,  0.0851, -0.0424, -0.1125],
        ...,
        [-0.1212,  0.0370,  0.1123,  ..., -0.0904, -0.1243,  0.0125],
        [ 0.0786, -0.0658, -0.0300,  ...,  0.0564,  0.0798,  0.0664],
        [-0.0424,  0.0854,  0.1171,  ...,  0.0940,  0.1234,  0.0628]],
       device='cuda:0', requires_grad=True)

name conv2.bias 
shape:
 torch.Size([128]) 
grad:
 True 
date:
 tensor([0., 0., 0., 0., 0., 0., 0., 0., 0., 0., 0., 0., 0., 0., 0., 0., 0., 0., 0., 0., 0., 0., 0., 0.,
        0., 0., 0., 0., 0., 0., 0., 0., 0., 0., 0., 0., 0., 0., 0., 0., 0., 0., 0., 0., 0., 0., 0., 0.,
        0., 0., 0., 0., 0., 0., 0., 0., 0., 0., 0., 0., 0., 0., 0., 0., 0., 0., 0., 0., 0., 0., 0., 0.,
        0., 0., 0., 0., 0., 0., 0., 0., 0., 0., 0., 0., 0., 0., 0., 0., 0., 0., 0., 0., 0., 0., 0., 0.,
        0., 0., 0., 0., 0., 0., 0., 0., 0., 0., 0., 0., 0., 0., 0., 0., 0., 0., 0., 0., 0., 0., 0., 0.,
        0., 0., 0., 0., 0., 0., 0., 0.], device='cuda:0') 
parameter:
 Parameter containing:
tensor([0., 0., 0., 0., 0., 0., 0., 0., 0., 0., 0., 0., 0., 0., 0., 0., 0., 0., 0., 0., 0., 0., 0., 0.,
        0., 0., 0., 0., 0., 0., 0., 0., 0., 0., 0., 0., 0., 0., 0., 0., 0., 0., 0., 0., 0., 0., 0., 0.,
        0., 0., 0., 0., 0., 0., 0., 0., 0., 0., 0., 0., 0., 0., 0., 0., 0., 0., 0., 0., 0., 0., 0., 0.,
        0., 0., 0., 0., 0., 0., 0., 0., 0., 0., 0., 0., 0., 0., 0., 0., 0., 0., 0., 0., 0., 0., 0., 0.,
        0., 0., 0., 0., 0., 0., 0., 0., 0., 0., 0., 0., 0., 0., 0., 0., 0., 0., 0., 0., 0., 0., 0., 0.,
        0., 0., 0., 0., 0., 0., 0., 0.], device='cuda:0', requires_grad=True)

name conv3.weight 
shape:
 torch.Size([128, 64]) 
grad:
 True 
date:
 tensor([[ 0.0696,  0.1534,  0.1485,  ..., -0.1044, -0.0617, -0.1597],
        [ 0.0586,  0.0440,  0.0245,  ...,  0.1507, -0.1327, -0.0819],
        [-0.1424, -0.1685,  0.0206,  ..., -0.0265, -0.0230,  0.1565],
        ...,
        [-0.1340, -0.0883, -0.1264,  ...,  0.0420,  0.0308, -0.0216],
        [ 0.1539,  0.1188, -0.0438,  ..., -0.1306,  0.1216, -0.1368],
        [-0.0463, -0.1100,  0.0167,  ..., -0.1078, -0.1641, -0.0389]],
       device='cuda:0') 
parameter:
 Parameter containing:
tensor([[ 0.0696,  0.1534,  0.1485,  ..., -0.1044, -0.0617, -0.1597],
        [ 0.0586,  0.0440,  0.0245,  ...,  0.1507, -0.1327, -0.0819],
        [-0.1424, -0.1685,  0.0206,  ..., -0.0265, -0.0230,  0.1565],
        ...,
        [-0.1340, -0.0883, -0.1264,  ...,  0.0420,  0.0308, -0.0216],
        [ 0.1539,  0.1188, -0.0438,  ..., -0.1306,  0.1216, -0.1368],
        [-0.0463, -0.1100,  0.0167,  ..., -0.1078, -0.1641, -0.0389]],
       device='cuda:0', requires_grad=True)

name conv3.bias 
shape:
 torch.Size([64]) 
grad:
 True 
date:
 tensor([0., 0., 0., 0., 0., 0., 0., 0., 0., 0., 0., 0., 0., 0., 0., 0., 0., 0., 0., 0., 0., 0., 0., 0.,
        0., 0., 0., 0., 0., 0., 0., 0., 0., 0., 0., 0., 0., 0., 0., 0., 0., 0., 0., 0., 0., 0., 0., 0.,
        0., 0., 0., 0., 0., 0., 0., 0., 0., 0., 0., 0., 0., 0., 0., 0.],
       device='cuda:0') 
parameter:
 Parameter containing:
tensor([0., 0., 0., 0., 0., 0., 0., 0., 0., 0., 0., 0., 0., 0., 0., 0., 0., 0., 0., 0., 0., 0., 0., 0.,
        0., 0., 0., 0., 0., 0., 0., 0., 0., 0., 0., 0., 0., 0., 0., 0., 0., 0., 0., 0., 0., 0., 0., 0.,
        0., 0., 0., 0., 0., 0., 0., 0., 0., 0., 0., 0., 0., 0., 0., 0.],
       device='cuda:0', requires_grad=True)

name conv4.weight 
shape:
 torch.Size([64, 32]) 
grad:
 True 
date:
 tensor([[-0.1824, -0.0756,  0.2136,  ..., -0.1524, -0.1355,  0.0711],
        [-0.0343, -0.2220,  0.0054,  ..., -0.1217, -0.1135,  0.2016],
        [-0.1937, -0.1080, -0.1613,  ...,  0.2281, -0.0602,  0.2226],
        ...,
        [-0.0201,  0.1501, -0.0419,  ..., -0.0115, -0.2120, -0.1747],
        [-0.0439, -0.0064, -0.1344,  ..., -0.0962,  0.2065, -0.1286],
        [ 0.1083, -0.0816,  0.1124,  ...,  0.2152, -0.1566, -0.2295]],
       device='cuda:0') 
parameter:
 Parameter containing:
tensor([[-0.1824, -0.0756,  0.2136,  ..., -0.1524, -0.1355,  0.0711],
        [-0.0343, -0.2220,  0.0054,  ..., -0.1217, -0.1135,  0.2016],
        [-0.1937, -0.1080, -0.1613,  ...,  0.2281, -0.0602,  0.2226],
        ...,
        [-0.0201,  0.1501, -0.0419,  ..., -0.0115, -0.2120, -0.1747],
        [-0.0439, -0.0064, -0.1344,  ..., -0.0962,  0.2065, -0.1286],
        [ 0.1083, -0.0816,  0.1124,  ...,  0.2152, -0.1566, -0.2295]],
       device='cuda:0', requires_grad=True)

name conv4.bias 
shape:
 torch.Size([32]) 
grad:
 True 
date:
 tensor([0., 0., 0., 0., 0., 0., 0., 0., 0., 0., 0., 0., 0., 0., 0., 0., 0., 0., 0., 0., 0., 0., 0., 0.,
        0., 0., 0., 0., 0., 0., 0., 0.], device='cuda:0') 
parameter:
 Parameter containing:
tensor([0., 0., 0., 0., 0., 0., 0., 0., 0., 0., 0., 0., 0., 0., 0., 0., 0., 0., 0., 0., 0., 0., 0., 0.,
        0., 0., 0., 0., 0., 0., 0., 0.], device='cuda:0', requires_grad=True)

name conv5.weight 
shape:
 torch.Size([32, 1]) 
grad:
 True 
date:
 tensor([[ 0.3831],
        [ 0.2123],
        [ 0.0980],
        [-0.2975],
        [ 0.0030],
        [ 0.0819],
        [-0.0096],
        [-0.3515],
        [-0.1641],
        [ 0.1182],
        [-0.3990],
        [ 0.1568],
        [ 0.4093],
        [-0.3444],
        [ 0.3192],
        [ 0.2241],
        [ 0.4110],
        [ 0.2697],
        [ 0.0266],
        [-0.1027],
        [ 0.3428],
        [-0.1874],
        [ 0.2546],
        [-0.2294],
        [-0.1519],
        [-0.2085],
        [ 0.3722],
        [ 0.0891],
        [-0.3459],
        [-0.1787],
        [-0.0359],
        [-0.2893]], device='cuda:0') 
parameter:
 Parameter containing:
tensor([[ 0.3831],
        [ 0.2123],
        [ 0.0980],
        [-0.2975],
        [ 0.0030],
        [ 0.0819],
        [-0.0096],
        [-0.3515],
        [-0.1641],
        [ 0.1182],
        [-0.3990],
        [ 0.1568],
        [ 0.4093],
        [-0.3444],
        [ 0.3192],
        [ 0.2241],
        [ 0.4110],
        [ 0.2697],
        [ 0.0266],
        [-0.1027],
        [ 0.3428],
        [-0.1874],
        [ 0.2546],
        [-0.2294],
        [-0.1519],
        [-0.2085],
        [ 0.3722],
        [ 0.0891],
        [-0.3459],
        [-0.1787],
        [-0.0359],
        [-0.2893]], device='cuda:0', requires_grad=True)

name conv5.bias 
shape:
 torch.Size([1]) 
grad:
 True 
date:
 tensor([0.], device='cuda:0') 
parameter:
 Parameter containing:
tensor([0.], device='cuda:0', requires_grad=True)





 shepe: torch.Size([2350554, 1]) 






Traceback (most recent call last):
  File "/hpcfs/bes/mlgpu/hoseinkk/MLTracking/otherparticles/pppipi/DGLBhaGcnReNewestweight7N4SecNei/./TrainingBha2ndneiefet.py", line 5, in <module>
    from ModelBha2ndneiefet import *
  File "/hpcfs/bes/mlgpu/hoseinkk/MLTracking/otherparticles/pppipi/DGLBhaGcnReNewestweight7N4SecNei/ModelBha2ndneiefet.py", line 165, in <module>
    result1 = net(dglgraph.to(device), TraTen[1007].reshape(6796, 1).to(device))
  File "/hpcfs/bes/mlgpu/hoseinkk/Miniconda3/envs/dgl1/lib/python3.9/site-packages/torch/nn/modules/module.py", line 1102, in _call_impl
    return forward_call(*input, **kwargs)
  File "/hpcfs/bes/mlgpu/hoseinkk/MLTracking/otherparticles/pppipi/DGLBhaGcnReNewestweight7N4SecNei/ModelBha2ndneiefet.py", line 67, in forward
    g.edata['efet'] = F.relu(he).reshape(-1, 2350554, 1) 
  File "/hpcfs/bes/mlgpu/hoseinkk/Miniconda3/envs/dgl1/lib/python3.9/site-packages/dgl/view.py", line 209, in __setitem__
    self._graph._set_e_repr(self._etid, self._edges, {key: val})
  File "/hpcfs/bes/mlgpu/hoseinkk/Miniconda3/envs/dgl1/lib/python3.9/site-packages/dgl/heterograph.py", line 4220, in _set_e_repr
    raise DGLError('Expect number of features to match number of edges.'
dgl._ffi.base.DGLError: Expect number of features to match number of edges. Got 1 and 2350554 instead.

real	0m33.932s
user	0m27.595s
sys	0m5.757s
