0: cmsgpu001.ihep.ac.cn
GPU 0: NVIDIA A100-PCIE-40GB (UUID: GPU-83673d1f-01b2-490d-5bc6-a84aaf3ddc65)
Allocate GPU cards : 0

modinfo:
filename:       /lib/modules/3.10.0-1160.80.1.el7.x86_64/extra/nvidia.ko.xz
firmware:       nvidia/515.65.01/gsp.bin
alias:          char-major-195-*
version:        515.65.01
supported:      external
license:        NVIDIA
retpoline:      Y
rhelversion:    7.9
srcversion:     8049D44E2C1B08F41E1B8A6
alias:          pci:v000010DEd*sv*sd*bc06sc80i00*
alias:          pci:v000010DEd*sv*sd*bc03sc02i00*
alias:          pci:v000010DEd*sv*sd*bc03sc00i00*
depends:        drm
vermagic:       3.10.0-1160.80.1.el7.x86_64 SMP mod_unload modversions 
signer:         DKMS module signing key
sig_key:        9B:9E:55:A9:86:D9:50:0B:6D:2D:9F:BA:A7:E6:45:39:D4:DD:5F:C6
sig_hashalgo:   sha512
parm:           NvSwitchRegDwords:NvSwitch regkey (charp)
parm:           NvSwitchBlacklist:NvSwitchBlacklist=uuid[,uuid...] (charp)
parm:           NVreg_ResmanDebugLevel:int
parm:           NVreg_RmLogonRC:int
parm:           NVreg_ModifyDeviceFiles:int
parm:           NVreg_DeviceFileUID:int
parm:           NVreg_DeviceFileGID:int
parm:           NVreg_DeviceFileMode:int
parm:           NVreg_InitializeSystemMemoryAllocations:int
parm:           NVreg_UsePageAttributeTable:int
parm:           NVreg_EnablePCIeGen3:int
parm:           NVreg_EnableMSI:int
parm:           NVreg_TCEBypassMode:int
parm:           NVreg_EnableStreamMemOPs:int
parm:           NVreg_RestrictProfilingToAdminUsers:int
parm:           NVreg_PreserveVideoMemoryAllocations:int
parm:           NVreg_EnableS0ixPowerManagement:int
parm:           NVreg_S0ixPowerManagementVideoMemoryThreshold:int
parm:           NVreg_DynamicPowerManagement:int
parm:           NVreg_DynamicPowerManagementVideoMemoryThreshold:int
parm:           NVreg_EnableGpuFirmware:int
parm:           NVreg_EnableGpuFirmwareLogs:int
parm:           NVreg_OpenRmEnableUnsupportedGpus:int
parm:           NVreg_EnableUserNUMAManagement:int
parm:           NVreg_MemoryPoolSize:int
parm:           NVreg_KMallocHeapMaxSize:int
parm:           NVreg_VMallocHeapMaxSize:int
parm:           NVreg_IgnoreMMIOCheck:int
parm:           NVreg_NvLinkDisable:int
parm:           NVreg_EnablePCIERelaxedOrderingMode:int
parm:           NVreg_RegisterPCIDriver:int
parm:           NVreg_EnableDbgBreakpoint:int
parm:           NVreg_RegistryDwords:charp
parm:           NVreg_RegistryDwordsPerDevice:charp
parm:           NVreg_RmMsg:charp
parm:           NVreg_GpuBlacklist:charp
parm:           NVreg_TemporaryFilePath:charp
parm:           NVreg_ExcludedGpus:charp
parm:           NVreg_DmaRemapPeerMmio:int
parm:           rm_firmware_active:charp

nvidia-smi:
Thu Jan 12 21:23:30 2023       
+-----------------------------------------------------------------------------+
| NVIDIA-SMI 515.65.01    Driver Version: 515.65.01    CUDA Version: 11.7     |
|-------------------------------+----------------------+----------------------+
| GPU  Name        Persistence-M| Bus-Id        Disp.A | Volatile Uncorr. ECC |
| Fan  Temp  Perf  Pwr:Usage/Cap|         Memory-Usage | GPU-Util  Compute M. |
|                               |                      |               MIG M. |
|===============================+======================+======================|
|   0  NVIDIA A100-PCI...  On   | 00000000:3B:00.0 Off |                    0 |
| N/A   21C    P0    31W / 250W |      0MiB / 40960MiB |      0%      Default |
|                               |                      |             Disabled |
+-------------------------------+----------------------+----------------------+
                                                                               
+-----------------------------------------------------------------------------+
| Processes:                                                                  |
|  GPU   GI   CI        PID   Type   Process name                  GPU Memory |
|        ID   ID                                                   Usage      |
|=============================================================================|
|  No running processes found                                                 |
+-----------------------------------------------------------------------------+

nvcc --version:
nvcc: NVIDIA (R) Cuda compiler driver
Copyright (c) 2005-2021 NVIDIA Corporation
Built on Sun_Mar_21_19:15:46_PDT_2021
Cuda compilation tools, release 11.3, V11.3.58
Build cuda_11.3.r11.3/compiler.29745058_0

 torch version: 1.10.2

 cuda version: 11.3

 is cuda available: True

 CUDNN VERSION: 8200

 Number CUDA Devices: 1

 CUDA Device Name: NVIDIA A100-PCIE-40GB

 CUDA Device Total Memory [GB]: 42.358472704

 Device capability: (8, 0) 

 Cuda deviice: <torch.cuda.device object at 0x2aed2496a340> 

 Is cuda initialized: True

 CUDA_HOME: /hpcfs/bes/mlgpu/hoseinkk/Miniconda3/envs/dgl1

real	2m52.516s
user	0m3.773s
sys	0m3.292s




 Training ... 






 The Network ... 






 The graph ... 



edge_index
 tensor([[   0,    1,    2,  ..., 6507, 6507, 6507],
        [   1,    2,    3,  ..., 6219, 6794, 6795]]) 

edge_index shape
 torch.Size([2, 1175277])
graph: Graph(num_nodes=6796, num_edges=1175277,
      ndata_schemes={}
      edata_schemes={}) 
nodes: tensor([   0,    1,    2,  ..., 6793, 6794, 6795], device='cuda:0') 
nodes shape: torch.Size([6796]) 
edges: (tensor([   0,    1,    2,  ..., 6507, 6507, 6507], device='cuda:0'), tensor([   1,    2,    3,  ..., 6219, 6794, 6795], device='cuda:0'))

number of nodes: 6796

number of edges: 2350554

node features (random input): tensor([[-0.2608],
        [-1.9435],
        [ 0.2853],
        ...,
        [ 0.0153],
        [ 0.9998],
        [ 0.7852]], device='cuda:0', requires_grad=True) 
node features sum: tensor(-35.4628, device='cuda:0', grad_fn=<SumBackward0>)

edges features: tensor([[1.],
        [1.],
        [1.],
        ...,
        [1.],
        [1.],
        [1.]], device='cuda:0', requires_grad=True) 
edges features sum: tensor(2350554., device='cuda:0', grad_fn=<SumBackward0>)

example: 
Out degrees of node 234: 399

In degrees of node 234: 399





 Loading data ... 



training set shape (80000, 6796) 
sum 8401300

target set shape (80000, 6796) 
sum 5574226

TraTen and TrvTen shape:
 torch.Size([80000, 6796]) torch.Size([80000, 6796])
Model name: DGLBhaGcnReNewestweight7N4SecNei

net GCN(
  (conv1): GraphConv(in=1, out=256, normalization=both, activation=None)
  (linear1): Linear(in_features=2350554, out_features=16, bias=True)
  (linear2): Linear(in_features=16, out_features=2350554, bias=True)
  (conv2): GraphConv(in=256, out=128, normalization=both, activation=None)
  (conv3): GraphConv(in=128, out=64, normalization=both, activation=None)
  (conv4): GraphConv(in=64, out=32, normalization=both, activation=None)
  (conv5): GraphConv(in=32, out=1, normalization=both, activation=None)
) 
number of the free learnable parameters: 77612075

parameters of the network:

name conv1.weight 
shape:
 torch.Size([1, 256]) 
grad:
 True 
date:
 tensor([[-0.1148,  0.0867, -0.1113,  0.0294,  0.1255, -0.1444, -0.0949,  0.1208,
          0.0583, -0.1055, -0.0086, -0.0080,  0.0524,  0.1506,  0.1322,  0.1151,
          0.0299,  0.0267, -0.1238, -0.1402, -0.1239,  0.0566, -0.1230, -0.0550,
         -0.1232,  0.1077,  0.0022, -0.1470, -0.0726, -0.1395, -0.1451, -0.0509,
         -0.0572,  0.0294, -0.0093, -0.0103,  0.0782, -0.1337, -0.1232,  0.0293,
         -0.1311, -0.0342, -0.0310,  0.1025, -0.0191,  0.0520,  0.0858, -0.0219,
          0.0812,  0.1331, -0.0554, -0.0948,  0.1028,  0.0654, -0.0324, -0.0061,
         -0.0271,  0.0518,  0.1399, -0.0156,  0.0933,  0.0122, -0.1076,  0.0623,
         -0.0050, -0.0813, -0.0403, -0.1082,  0.0646, -0.0127,  0.1279, -0.0674,
         -0.0921, -0.1526, -0.1454, -0.0664, -0.1362,  0.0032,  0.0027,  0.1105,
         -0.0358, -0.0582, -0.0658, -0.0767, -0.1097,  0.1177, -0.0761, -0.1444,
         -0.0943,  0.0958, -0.0238,  0.0714,  0.0093, -0.0438, -0.0226,  0.1296,
         -0.0824,  0.1385, -0.1039,  0.0873, -0.0167, -0.0954,  0.1071,  0.1203,
          0.0061, -0.1034,  0.0221,  0.0126,  0.1301, -0.0903, -0.1196,  0.0249,
         -0.0973, -0.1172, -0.0254,  0.0707, -0.0329,  0.0852, -0.1141, -0.0238,
          0.0762, -0.0068,  0.0064, -0.0766, -0.1434,  0.0420,  0.0444, -0.1239,
         -0.0062,  0.0466,  0.0952, -0.0129, -0.0169,  0.1011, -0.0072, -0.1281,
          0.0176, -0.0840,  0.0438,  0.1495,  0.0418, -0.0273, -0.1201, -0.0493,
         -0.0508, -0.0984, -0.0739, -0.0104,  0.1182,  0.0700, -0.1458, -0.1070,
          0.1505, -0.1472,  0.1097, -0.0273,  0.0323,  0.0878,  0.1528, -0.1025,
          0.1172,  0.1393, -0.0312, -0.0504, -0.1488, -0.1149,  0.0723, -0.1528,
          0.0302, -0.0988, -0.0410,  0.0217,  0.0785, -0.1246, -0.1091, -0.0522,
         -0.0454, -0.0710, -0.0305,  0.1025,  0.1235,  0.1438,  0.0602,  0.0493,
          0.0084,  0.1074, -0.0572, -0.0599, -0.0775, -0.0986,  0.1123,  0.0810,
         -0.0967, -0.0697, -0.0165, -0.1420, -0.1235,  0.0122, -0.1485, -0.0514,
          0.0552, -0.0010,  0.0859, -0.0396,  0.0947, -0.1094, -0.0331, -0.0155,
          0.1401, -0.0141,  0.0813, -0.0517,  0.0182, -0.1093, -0.0091, -0.0434,
         -0.0053, -0.1196, -0.0964, -0.0928,  0.0916, -0.0962,  0.0266,  0.0348,
         -0.0364, -0.1351, -0.1467, -0.0241, -0.1443, -0.1283,  0.0192, -0.0372,
          0.0513, -0.0076,  0.0974, -0.1368, -0.1430, -0.0676, -0.1316, -0.1104,
          0.0622, -0.0075,  0.1165,  0.0479,  0.0182,  0.1271, -0.0260,  0.0203,
         -0.0450,  0.1376,  0.0520,  0.0705, -0.0562,  0.1022,  0.1063,  0.1099]],
       device='cuda:0') 
parameter:
 Parameter containing:
tensor([[-0.1148,  0.0867, -0.1113,  0.0294,  0.1255, -0.1444, -0.0949,  0.1208,
          0.0583, -0.1055, -0.0086, -0.0080,  0.0524,  0.1506,  0.1322,  0.1151,
          0.0299,  0.0267, -0.1238, -0.1402, -0.1239,  0.0566, -0.1230, -0.0550,
         -0.1232,  0.1077,  0.0022, -0.1470, -0.0726, -0.1395, -0.1451, -0.0509,
         -0.0572,  0.0294, -0.0093, -0.0103,  0.0782, -0.1337, -0.1232,  0.0293,
         -0.1311, -0.0342, -0.0310,  0.1025, -0.0191,  0.0520,  0.0858, -0.0219,
          0.0812,  0.1331, -0.0554, -0.0948,  0.1028,  0.0654, -0.0324, -0.0061,
         -0.0271,  0.0518,  0.1399, -0.0156,  0.0933,  0.0122, -0.1076,  0.0623,
         -0.0050, -0.0813, -0.0403, -0.1082,  0.0646, -0.0127,  0.1279, -0.0674,
         -0.0921, -0.1526, -0.1454, -0.0664, -0.1362,  0.0032,  0.0027,  0.1105,
         -0.0358, -0.0582, -0.0658, -0.0767, -0.1097,  0.1177, -0.0761, -0.1444,
         -0.0943,  0.0958, -0.0238,  0.0714,  0.0093, -0.0438, -0.0226,  0.1296,
         -0.0824,  0.1385, -0.1039,  0.0873, -0.0167, -0.0954,  0.1071,  0.1203,
          0.0061, -0.1034,  0.0221,  0.0126,  0.1301, -0.0903, -0.1196,  0.0249,
         -0.0973, -0.1172, -0.0254,  0.0707, -0.0329,  0.0852, -0.1141, -0.0238,
          0.0762, -0.0068,  0.0064, -0.0766, -0.1434,  0.0420,  0.0444, -0.1239,
         -0.0062,  0.0466,  0.0952, -0.0129, -0.0169,  0.1011, -0.0072, -0.1281,
          0.0176, -0.0840,  0.0438,  0.1495,  0.0418, -0.0273, -0.1201, -0.0493,
         -0.0508, -0.0984, -0.0739, -0.0104,  0.1182,  0.0700, -0.1458, -0.1070,
          0.1505, -0.1472,  0.1097, -0.0273,  0.0323,  0.0878,  0.1528, -0.1025,
          0.1172,  0.1393, -0.0312, -0.0504, -0.1488, -0.1149,  0.0723, -0.1528,
          0.0302, -0.0988, -0.0410,  0.0217,  0.0785, -0.1246, -0.1091, -0.0522,
         -0.0454, -0.0710, -0.0305,  0.1025,  0.1235,  0.1438,  0.0602,  0.0493,
          0.0084,  0.1074, -0.0572, -0.0599, -0.0775, -0.0986,  0.1123,  0.0810,
         -0.0967, -0.0697, -0.0165, -0.1420, -0.1235,  0.0122, -0.1485, -0.0514,
          0.0552, -0.0010,  0.0859, -0.0396,  0.0947, -0.1094, -0.0331, -0.0155,
          0.1401, -0.0141,  0.0813, -0.0517,  0.0182, -0.1093, -0.0091, -0.0434,
         -0.0053, -0.1196, -0.0964, -0.0928,  0.0916, -0.0962,  0.0266,  0.0348,
         -0.0364, -0.1351, -0.1467, -0.0241, -0.1443, -0.1283,  0.0192, -0.0372,
          0.0513, -0.0076,  0.0974, -0.1368, -0.1430, -0.0676, -0.1316, -0.1104,
          0.0622, -0.0075,  0.1165,  0.0479,  0.0182,  0.1271, -0.0260,  0.0203,
         -0.0450,  0.1376,  0.0520,  0.0705, -0.0562,  0.1022,  0.1063,  0.1099]],
       device='cuda:0', requires_grad=True)

name conv1.bias 
shape:
 torch.Size([256]) 
grad:
 True 
date:
 tensor([0., 0., 0., 0., 0., 0., 0., 0., 0., 0., 0., 0., 0., 0., 0., 0., 0., 0., 0., 0., 0., 0., 0., 0.,
        0., 0., 0., 0., 0., 0., 0., 0., 0., 0., 0., 0., 0., 0., 0., 0., 0., 0., 0., 0., 0., 0., 0., 0.,
        0., 0., 0., 0., 0., 0., 0., 0., 0., 0., 0., 0., 0., 0., 0., 0., 0., 0., 0., 0., 0., 0., 0., 0.,
        0., 0., 0., 0., 0., 0., 0., 0., 0., 0., 0., 0., 0., 0., 0., 0., 0., 0., 0., 0., 0., 0., 0., 0.,
        0., 0., 0., 0., 0., 0., 0., 0., 0., 0., 0., 0., 0., 0., 0., 0., 0., 0., 0., 0., 0., 0., 0., 0.,
        0., 0., 0., 0., 0., 0., 0., 0., 0., 0., 0., 0., 0., 0., 0., 0., 0., 0., 0., 0., 0., 0., 0., 0.,
        0., 0., 0., 0., 0., 0., 0., 0., 0., 0., 0., 0., 0., 0., 0., 0., 0., 0., 0., 0., 0., 0., 0., 0.,
        0., 0., 0., 0., 0., 0., 0., 0., 0., 0., 0., 0., 0., 0., 0., 0., 0., 0., 0., 0., 0., 0., 0., 0.,
        0., 0., 0., 0., 0., 0., 0., 0., 0., 0., 0., 0., 0., 0., 0., 0., 0., 0., 0., 0., 0., 0., 0., 0.,
        0., 0., 0., 0., 0., 0., 0., 0., 0., 0., 0., 0., 0., 0., 0., 0., 0., 0., 0., 0., 0., 0., 0., 0.,
        0., 0., 0., 0., 0., 0., 0., 0., 0., 0., 0., 0., 0., 0., 0., 0.],
       device='cuda:0') 
parameter:
 Parameter containing:
tensor([0., 0., 0., 0., 0., 0., 0., 0., 0., 0., 0., 0., 0., 0., 0., 0., 0., 0., 0., 0., 0., 0., 0., 0.,
        0., 0., 0., 0., 0., 0., 0., 0., 0., 0., 0., 0., 0., 0., 0., 0., 0., 0., 0., 0., 0., 0., 0., 0.,
        0., 0., 0., 0., 0., 0., 0., 0., 0., 0., 0., 0., 0., 0., 0., 0., 0., 0., 0., 0., 0., 0., 0., 0.,
        0., 0., 0., 0., 0., 0., 0., 0., 0., 0., 0., 0., 0., 0., 0., 0., 0., 0., 0., 0., 0., 0., 0., 0.,
        0., 0., 0., 0., 0., 0., 0., 0., 0., 0., 0., 0., 0., 0., 0., 0., 0., 0., 0., 0., 0., 0., 0., 0.,
        0., 0., 0., 0., 0., 0., 0., 0., 0., 0., 0., 0., 0., 0., 0., 0., 0., 0., 0., 0., 0., 0., 0., 0.,
        0., 0., 0., 0., 0., 0., 0., 0., 0., 0., 0., 0., 0., 0., 0., 0., 0., 0., 0., 0., 0., 0., 0., 0.,
        0., 0., 0., 0., 0., 0., 0., 0., 0., 0., 0., 0., 0., 0., 0., 0., 0., 0., 0., 0., 0., 0., 0., 0.,
        0., 0., 0., 0., 0., 0., 0., 0., 0., 0., 0., 0., 0., 0., 0., 0., 0., 0., 0., 0., 0., 0., 0., 0.,
        0., 0., 0., 0., 0., 0., 0., 0., 0., 0., 0., 0., 0., 0., 0., 0., 0., 0., 0., 0., 0., 0., 0., 0.,
        0., 0., 0., 0., 0., 0., 0., 0., 0., 0., 0., 0., 0., 0., 0., 0.],
       device='cuda:0', requires_grad=True)

name linear1.weight 
shape:
 torch.Size([16, 2350554]) 
grad:
 True 
date:
 tensor([[ 5.2593e-04, -1.8180e-05,  5.3059e-04,  ..., -4.4425e-04,
          3.6580e-04,  5.9071e-04],
        [ 5.6929e-04, -1.2016e-04,  3.9947e-05,  ...,  3.0172e-05,
         -4.7912e-04, -1.2675e-04],
        [ 2.6175e-04,  1.9152e-04, -5.7081e-04,  ..., -3.2749e-04,
          1.7442e-04,  1.3089e-04],
        ...,
        [-4.0775e-04,  5.2451e-04,  4.7419e-04,  ...,  9.4312e-05,
          1.6911e-04,  2.8960e-04],
        [ 6.4618e-04,  6.4023e-04,  4.4115e-05,  ..., -5.4654e-04,
         -2.5478e-04,  2.3343e-04],
        [-9.9899e-05,  3.6053e-04, -3.5105e-05,  ...,  6.4906e-04,
          2.8609e-05,  5.0784e-05]], device='cuda:0') 
parameter:
 Parameter containing:
tensor([[ 5.2593e-04, -1.8180e-05,  5.3059e-04,  ..., -4.4425e-04,
          3.6580e-04,  5.9071e-04],
        [ 5.6929e-04, -1.2016e-04,  3.9947e-05,  ...,  3.0172e-05,
         -4.7912e-04, -1.2675e-04],
        [ 2.6175e-04,  1.9152e-04, -5.7081e-04,  ..., -3.2749e-04,
          1.7442e-04,  1.3089e-04],
        ...,
        [-4.0775e-04,  5.2451e-04,  4.7419e-04,  ...,  9.4312e-05,
          1.6911e-04,  2.8960e-04],
        [ 6.4618e-04,  6.4023e-04,  4.4115e-05,  ..., -5.4654e-04,
         -2.5478e-04,  2.3343e-04],
        [-9.9899e-05,  3.6053e-04, -3.5105e-05,  ...,  6.4906e-04,
          2.8609e-05,  5.0784e-05]], device='cuda:0', requires_grad=True)

name linear1.bias 
shape:
 torch.Size([16]) 
grad:
 True 
date:
 tensor([ 5.3253e-04,  2.1666e-04,  7.0489e-05, -4.5727e-04, -5.6371e-04,
         2.1679e-04,  8.3196e-05,  6.1710e-04,  3.7679e-04,  3.5545e-04,
        -5.4175e-05,  4.0003e-04, -3.4506e-04, -3.9535e-04, -2.8905e-04,
        -2.1796e-04], device='cuda:0') 
parameter:
 Parameter containing:
tensor([ 5.3253e-04,  2.1666e-04,  7.0489e-05, -4.5727e-04, -5.6371e-04,
         2.1679e-04,  8.3196e-05,  6.1710e-04,  3.7679e-04,  3.5545e-04,
        -5.4175e-05,  4.0003e-04, -3.4506e-04, -3.9535e-04, -2.8905e-04,
        -2.1796e-04], device='cuda:0', requires_grad=True)

name linear2.weight 
shape:
 torch.Size([2350554, 16]) 
grad:
 True 
date:
 tensor([[ 0.2020,  0.1079,  0.2093,  ...,  0.1620,  0.2357, -0.0702],
        [-0.1016, -0.0480,  0.0881,  ..., -0.0465,  0.1096,  0.2112],
        [-0.0186, -0.1569,  0.1902,  ..., -0.1414,  0.1677, -0.1026],
        ...,
        [-0.0762, -0.1910,  0.2453,  ..., -0.1602, -0.2356, -0.2054],
        [-0.0213,  0.0071, -0.0354,  ..., -0.1994,  0.1780, -0.0196],
        [-0.1198,  0.0343,  0.2366,  ...,  0.1037, -0.2307,  0.0896]],
       device='cuda:0') 
parameter:
 Parameter containing:
tensor([[ 0.2020,  0.1079,  0.2093,  ...,  0.1620,  0.2357, -0.0702],
        [-0.1016, -0.0480,  0.0881,  ..., -0.0465,  0.1096,  0.2112],
        [-0.0186, -0.1569,  0.1902,  ..., -0.1414,  0.1677, -0.1026],
        ...,
        [-0.0762, -0.1910,  0.2453,  ..., -0.1602, -0.2356, -0.2054],
        [-0.0213,  0.0071, -0.0354,  ..., -0.1994,  0.1780, -0.0196],
        [-0.1198,  0.0343,  0.2366,  ...,  0.1037, -0.2307,  0.0896]],
       device='cuda:0', requires_grad=True)

name linear2.bias 
shape:
 torch.Size([2350554]) 
grad:
 True 
date:
 tensor([ 0.0560, -0.1751,  0.2426,  ...,  0.2161, -0.2151, -0.0595],
       device='cuda:0') 
parameter:
 Parameter containing:
tensor([ 0.0560, -0.1751,  0.2426,  ...,  0.2161, -0.2151, -0.0595],
       device='cuda:0', requires_grad=True)

name conv2.weight 
shape:
 torch.Size([256, 128]) 
grad:
 True 
date:
 tensor([[ 0.0533, -0.0538, -0.0308,  ...,  0.0428,  0.0424, -0.0936],
        [-0.1102,  0.0116, -0.1061,  ...,  0.0343, -0.1018, -0.0386],
        [-0.1222,  0.0557,  0.0642,  ...,  0.0522,  0.0014,  0.0553],
        ...,
        [ 0.0421,  0.0747, -0.0794,  ...,  0.1012, -0.0998, -0.0486],
        [ 0.1115, -0.0926, -0.0065,  ...,  0.0928,  0.0741, -0.0127],
        [ 0.0740,  0.1209,  0.0968,  ..., -0.0109,  0.0711, -0.0852]],
       device='cuda:0') 
parameter:
 Parameter containing:
tensor([[ 0.0533, -0.0538, -0.0308,  ...,  0.0428,  0.0424, -0.0936],
        [-0.1102,  0.0116, -0.1061,  ...,  0.0343, -0.1018, -0.0386],
        [-0.1222,  0.0557,  0.0642,  ...,  0.0522,  0.0014,  0.0553],
        ...,
        [ 0.0421,  0.0747, -0.0794,  ...,  0.1012, -0.0998, -0.0486],
        [ 0.1115, -0.0926, -0.0065,  ...,  0.0928,  0.0741, -0.0127],
        [ 0.0740,  0.1209,  0.0968,  ..., -0.0109,  0.0711, -0.0852]],
       device='cuda:0', requires_grad=True)

name conv2.bias 
shape:
 torch.Size([128]) 
grad:
 True 
date:
 tensor([0., 0., 0., 0., 0., 0., 0., 0., 0., 0., 0., 0., 0., 0., 0., 0., 0., 0., 0., 0., 0., 0., 0., 0.,
        0., 0., 0., 0., 0., 0., 0., 0., 0., 0., 0., 0., 0., 0., 0., 0., 0., 0., 0., 0., 0., 0., 0., 0.,
        0., 0., 0., 0., 0., 0., 0., 0., 0., 0., 0., 0., 0., 0., 0., 0., 0., 0., 0., 0., 0., 0., 0., 0.,
        0., 0., 0., 0., 0., 0., 0., 0., 0., 0., 0., 0., 0., 0., 0., 0., 0., 0., 0., 0., 0., 0., 0., 0.,
        0., 0., 0., 0., 0., 0., 0., 0., 0., 0., 0., 0., 0., 0., 0., 0., 0., 0., 0., 0., 0., 0., 0., 0.,
        0., 0., 0., 0., 0., 0., 0., 0.], device='cuda:0') 
parameter:
 Parameter containing:
tensor([0., 0., 0., 0., 0., 0., 0., 0., 0., 0., 0., 0., 0., 0., 0., 0., 0., 0., 0., 0., 0., 0., 0., 0.,
        0., 0., 0., 0., 0., 0., 0., 0., 0., 0., 0., 0., 0., 0., 0., 0., 0., 0., 0., 0., 0., 0., 0., 0.,
        0., 0., 0., 0., 0., 0., 0., 0., 0., 0., 0., 0., 0., 0., 0., 0., 0., 0., 0., 0., 0., 0., 0., 0.,
        0., 0., 0., 0., 0., 0., 0., 0., 0., 0., 0., 0., 0., 0., 0., 0., 0., 0., 0., 0., 0., 0., 0., 0.,
        0., 0., 0., 0., 0., 0., 0., 0., 0., 0., 0., 0., 0., 0., 0., 0., 0., 0., 0., 0., 0., 0., 0., 0.,
        0., 0., 0., 0., 0., 0., 0., 0.], device='cuda:0', requires_grad=True)

name conv3.weight 
shape:
 torch.Size([128, 64]) 
grad:
 True 
date:
 tensor([[-0.1225, -0.1589,  0.0157,  ..., -0.0176, -0.0289,  0.1653],
        [ 0.0217,  0.1427,  0.0416,  ...,  0.0121,  0.1063,  0.1181],
        [-0.0988, -0.0260, -0.1461,  ..., -0.1319,  0.1238,  0.1079],
        ...,
        [-0.0758,  0.1448,  0.0768,  ...,  0.1066,  0.1513,  0.1704],
        [-0.0993, -0.0471,  0.0380,  ...,  0.1649, -0.0918, -0.0871],
        [-0.0980,  0.1717,  0.1413,  ..., -0.0131,  0.0219, -0.0259]],
       device='cuda:0') 
parameter:
 Parameter containing:
tensor([[-0.1225, -0.1589,  0.0157,  ..., -0.0176, -0.0289,  0.1653],
        [ 0.0217,  0.1427,  0.0416,  ...,  0.0121,  0.1063,  0.1181],
        [-0.0988, -0.0260, -0.1461,  ..., -0.1319,  0.1238,  0.1079],
        ...,
        [-0.0758,  0.1448,  0.0768,  ...,  0.1066,  0.1513,  0.1704],
        [-0.0993, -0.0471,  0.0380,  ...,  0.1649, -0.0918, -0.0871],
        [-0.0980,  0.1717,  0.1413,  ..., -0.0131,  0.0219, -0.0259]],
       device='cuda:0', requires_grad=True)

name conv3.bias 
shape:
 torch.Size([64]) 
grad:
 True 
date:
 tensor([0., 0., 0., 0., 0., 0., 0., 0., 0., 0., 0., 0., 0., 0., 0., 0., 0., 0., 0., 0., 0., 0., 0., 0.,
        0., 0., 0., 0., 0., 0., 0., 0., 0., 0., 0., 0., 0., 0., 0., 0., 0., 0., 0., 0., 0., 0., 0., 0.,
        0., 0., 0., 0., 0., 0., 0., 0., 0., 0., 0., 0., 0., 0., 0., 0.],
       device='cuda:0') 
parameter:
 Parameter containing:
tensor([0., 0., 0., 0., 0., 0., 0., 0., 0., 0., 0., 0., 0., 0., 0., 0., 0., 0., 0., 0., 0., 0., 0., 0.,
        0., 0., 0., 0., 0., 0., 0., 0., 0., 0., 0., 0., 0., 0., 0., 0., 0., 0., 0., 0., 0., 0., 0., 0.,
        0., 0., 0., 0., 0., 0., 0., 0., 0., 0., 0., 0., 0., 0., 0., 0.],
       device='cuda:0', requires_grad=True)

name conv4.weight 
shape:
 torch.Size([64, 32]) 
grad:
 True 
date:
 tensor([[-0.2261,  0.2271,  0.0594,  ..., -0.1504, -0.1002, -0.0136],
        [ 0.0220, -0.1711, -0.2309,  ..., -0.0397, -0.0585, -0.0008],
        [ 0.0799, -0.2147, -0.1539,  ...,  0.0013,  0.0363, -0.0783],
        ...,
        [ 0.0061,  0.0154, -0.0298,  ...,  0.1833, -0.2300, -0.0277],
        [ 0.0783, -0.0575,  0.2438,  ..., -0.2216,  0.0926,  0.0586],
        [-0.2042, -0.1634,  0.1414,  ..., -0.0676, -0.1155,  0.0209]],
       device='cuda:0') 
parameter:
 Parameter containing:
tensor([[-0.2261,  0.2271,  0.0594,  ..., -0.1504, -0.1002, -0.0136],
        [ 0.0220, -0.1711, -0.2309,  ..., -0.0397, -0.0585, -0.0008],
        [ 0.0799, -0.2147, -0.1539,  ...,  0.0013,  0.0363, -0.0783],
        ...,
        [ 0.0061,  0.0154, -0.0298,  ...,  0.1833, -0.2300, -0.0277],
        [ 0.0783, -0.0575,  0.2438,  ..., -0.2216,  0.0926,  0.0586],
        [-0.2042, -0.1634,  0.1414,  ..., -0.0676, -0.1155,  0.0209]],
       device='cuda:0', requires_grad=True)

name conv4.bias 
shape:
 torch.Size([32]) 
grad:
 True 
date:
 tensor([0., 0., 0., 0., 0., 0., 0., 0., 0., 0., 0., 0., 0., 0., 0., 0., 0., 0., 0., 0., 0., 0., 0., 0.,
        0., 0., 0., 0., 0., 0., 0., 0.], device='cuda:0') 
parameter:
 Parameter containing:
tensor([0., 0., 0., 0., 0., 0., 0., 0., 0., 0., 0., 0., 0., 0., 0., 0., 0., 0., 0., 0., 0., 0., 0., 0.,
        0., 0., 0., 0., 0., 0., 0., 0.], device='cuda:0', requires_grad=True)

name conv5.weight 
shape:
 torch.Size([32, 1]) 
grad:
 True 
date:
 tensor([[ 0.4028],
        [ 0.4121],
        [-0.0414],
        [ 0.3509],
        [ 0.1323],
        [ 0.0975],
        [-0.4066],
        [ 0.0303],
        [-0.1366],
        [-0.1589],
        [-0.2275],
        [ 0.3803],
        [-0.0988],
        [-0.1552],
        [ 0.2937],
        [-0.0022],
        [ 0.3629],
        [ 0.1013],
        [ 0.2825],
        [-0.2545],
        [-0.2135],
        [ 0.2944],
        [ 0.3062],
        [ 0.1976],
        [ 0.1721],
        [ 0.3495],
        [ 0.2562],
        [ 0.0952],
        [ 0.3716],
        [ 0.2764],
        [-0.1119],
        [ 0.3930]], device='cuda:0') 
parameter:
 Parameter containing:
tensor([[ 0.4028],
        [ 0.4121],
        [-0.0414],
        [ 0.3509],
        [ 0.1323],
        [ 0.0975],
        [-0.4066],
        [ 0.0303],
        [-0.1366],
        [-0.1589],
        [-0.2275],
        [ 0.3803],
        [-0.0988],
        [-0.1552],
        [ 0.2937],
        [-0.0022],
        [ 0.3629],
        [ 0.1013],
        [ 0.2825],
        [-0.2545],
        [-0.2135],
        [ 0.2944],
        [ 0.3062],
        [ 0.1976],
        [ 0.1721],
        [ 0.3495],
        [ 0.2562],
        [ 0.0952],
        [ 0.3716],
        [ 0.2764],
        [-0.1119],
        [ 0.3930]], device='cuda:0', requires_grad=True)

name conv5.bias 
shape:
 torch.Size([1]) 
grad:
 True 
date:
 tensor([0.], device='cuda:0') 
parameter:
 Parameter containing:
tensor([0.], device='cuda:0', requires_grad=True)
Traceback (most recent call last):
  File "/hpcfs/bes/mlgpu/hoseinkk/MLTracking/otherparticles/pppipi/DGLBhaGcnReNewestweight7N4SecNei/./TrainingBha2ndneiefet.py", line 5, in <module>
    from ModelBha2ndneiefet import *
  File "/hpcfs/bes/mlgpu/hoseinkk/MLTracking/otherparticles/pppipi/DGLBhaGcnReNewestweight7N4SecNei/ModelBha2ndneiefet.py", line 166, in <module>
    result1 = net(dglgraph.to(device), TraTen[1007].reshape(6796, 1).to(device))
  File "/hpcfs/bes/mlgpu/hoseinkk/Miniconda3/envs/dgl1/lib/python3.9/site-packages/torch/nn/modules/module.py", line 1102, in _call_impl
    return forward_call(*input, **kwargs)
TypeError: forward() missing 1 required positional argument: 'in_efet'

real	3m29.401s
user	0m17.791s
sys	0m9.441s
