0: cmsgpu001.ihep.ac.cn
GPU 0: NVIDIA A100-PCIE-40GB (UUID: GPU-83673d1f-01b2-490d-5bc6-a84aaf3ddc65)
Allocate GPU cards : 0

modinfo:
filename:       /lib/modules/3.10.0-1160.71.1.el7.x86_64/extra/nvidia.ko.xz
firmware:       nvidia/515.65.01/gsp.bin
alias:          char-major-195-*
version:        515.65.01
supported:      external
license:        NVIDIA
retpoline:      Y
rhelversion:    7.9
srcversion:     8049D44E2C1B08F41E1B8A6
alias:          pci:v000010DEd*sv*sd*bc06sc80i00*
alias:          pci:v000010DEd*sv*sd*bc03sc02i00*
alias:          pci:v000010DEd*sv*sd*bc03sc00i00*
depends:        drm
vermagic:       3.10.0-1160.71.1.el7.x86_64 SMP mod_unload modversions 
signer:         DKMS module signing key
sig_key:        9B:9E:55:A9:86:D9:50:0B:6D:2D:9F:BA:A7:E6:45:39:D4:DD:5F:C6
sig_hashalgo:   sha512
parm:           NvSwitchRegDwords:NvSwitch regkey (charp)
parm:           NvSwitchBlacklist:NvSwitchBlacklist=uuid[,uuid...] (charp)
parm:           NVreg_ResmanDebugLevel:int
parm:           NVreg_RmLogonRC:int
parm:           NVreg_ModifyDeviceFiles:int
parm:           NVreg_DeviceFileUID:int
parm:           NVreg_DeviceFileGID:int
parm:           NVreg_DeviceFileMode:int
parm:           NVreg_InitializeSystemMemoryAllocations:int
parm:           NVreg_UsePageAttributeTable:int
parm:           NVreg_EnablePCIeGen3:int
parm:           NVreg_EnableMSI:int
parm:           NVreg_TCEBypassMode:int
parm:           NVreg_EnableStreamMemOPs:int
parm:           NVreg_RestrictProfilingToAdminUsers:int
parm:           NVreg_PreserveVideoMemoryAllocations:int
parm:           NVreg_EnableS0ixPowerManagement:int
parm:           NVreg_S0ixPowerManagementVideoMemoryThreshold:int
parm:           NVreg_DynamicPowerManagement:int
parm:           NVreg_DynamicPowerManagementVideoMemoryThreshold:int
parm:           NVreg_EnableGpuFirmware:int
parm:           NVreg_EnableGpuFirmwareLogs:int
parm:           NVreg_OpenRmEnableUnsupportedGpus:int
parm:           NVreg_EnableUserNUMAManagement:int
parm:           NVreg_MemoryPoolSize:int
parm:           NVreg_KMallocHeapMaxSize:int
parm:           NVreg_VMallocHeapMaxSize:int
parm:           NVreg_IgnoreMMIOCheck:int
parm:           NVreg_NvLinkDisable:int
parm:           NVreg_EnablePCIERelaxedOrderingMode:int
parm:           NVreg_RegisterPCIDriver:int
parm:           NVreg_EnableDbgBreakpoint:int
parm:           NVreg_RegistryDwords:charp
parm:           NVreg_RegistryDwordsPerDevice:charp
parm:           NVreg_RmMsg:charp
parm:           NVreg_GpuBlacklist:charp
parm:           NVreg_TemporaryFilePath:charp
parm:           NVreg_ExcludedGpus:charp
parm:           NVreg_DmaRemapPeerMmio:int
parm:           rm_firmware_active:charp

nvidia-smi:
Sat Sep 17 12:49:02 2022       
+-----------------------------------------------------------------------------+
| NVIDIA-SMI 515.65.01    Driver Version: 515.65.01    CUDA Version: 11.7     |
|-------------------------------+----------------------+----------------------+
| GPU  Name        Persistence-M| Bus-Id        Disp.A | Volatile Uncorr. ECC |
| Fan  Temp  Perf  Pwr:Usage/Cap|         Memory-Usage | GPU-Util  Compute M. |
|                               |                      |               MIG M. |
|===============================+======================+======================|
|   0  NVIDIA A100-PCI...  On   | 00000000:3B:00.0 Off |                    0 |
| N/A   22C    P0    32W / 250W |      0MiB / 40960MiB |      0%      Default |
|                               |                      |             Disabled |
+-------------------------------+----------------------+----------------------+
                                                                               
+-----------------------------------------------------------------------------+
| Processes:                                                                  |
|  GPU   GI   CI        PID   Type   Process name                  GPU Memory |
|        ID   ID                                                   Usage      |
|=============================================================================|
|  No running processes found                                                 |
+-----------------------------------------------------------------------------+

nvcc --version:
nvcc: NVIDIA (R) Cuda compiler driver
Copyright (c) 2005-2021 NVIDIA Corporation
Built on Sun_Mar_21_19:15:46_PDT_2021
Cuda compilation tools, release 11.3, V11.3.58
Build cuda_11.3.r11.3/compiler.29745058_0

 torch version: 1.10.2

 cuda version: 11.3

 is cuda available: True

 CUDNN VERSION: 8200

 Number CUDA Devices: 1

 CUDA Device Name: NVIDIA A100-PCIE-40GB

 CUDA Device Total Memory [GB]: 42.358472704

 Device capability: (8, 0) 

 Cuda deviice: <torch.cuda.device object at 0x2afd5d8ad8e0> 

 Is cuda initialized: True

 CUDA_HOME: /hpcfs/bes/mlgpu/hoseinkk/Miniconda3/envs/dgl1

real	0m10.157s
user	0m3.161s
sys	0m1.747s
/hpcfs/bes/mlgpu/hoseinkk/Miniconda3/envs/dgl1/lib/python3.9/site-packages/cupy/_environment.py:438: UserWarning: 
--------------------------------------------------------------------------------

  CuPy may not function correctly because multiple CuPy packages are installed
  in your environment:

    cupy, cupy-cuda110

  Follow these steps to resolve this issue:

    1. For all packages listed above, run the following command to remove all
       existing CuPy installations:

         $ pip uninstall <package_name>

      If you previously installed CuPy via conda, also run the following:

         $ conda uninstall cupy

    2. Install the appropriate CuPy package.
       Refer to the Installation Guide for detailed instructions.

         https://docs.cupy.dev/en/stable/install.html

--------------------------------------------------------------------------------

  warnings.warn(f'''
[12:49:34] /opt/dgl/src/runtime/tensordispatch.cc:43: TensorDispatcher: dlopen failed: /hpcfs/bes/mlgpu/hoseinkk/Miniconda3/envs/dgl1/lib/python3.9/site-packages/dgl/tensoradapter/pytorch/libtensoradapter_pytorch_1.10.2.so: cannot open shared object file: No such file or directory
Using backend: pytorch





 Loading data ... 



training set shape (80000, 6796) 
sum 8401300

target set shape (80000, 6796) 
sum 5574226

TraTen and TrvTen shape:
 torch.Size([80000, 6796]) torch.Size([80000, 6796])




 The Network ... 






 The graph ... 



edge_index
 tensor([[   0,    1,    2,  ..., 4907, 4907, 4907],
        [   1,    2,    3,  ..., 4918, 4919, 4920]]) 

edge_index shape
 torch.Size([2, 36593])
graph: Graph(num_nodes=6796, num_edges=36593,
      ndata_schemes={}
      edata_schemes={}) 
nodes: tensor([   0,    1,    2,  ..., 6793, 6794, 6795], device='cuda:0') 
nodes shape: torch.Size([6796]) 
edges: (tensor([   0,    1,    2,  ..., 4907, 4907, 4907], device='cuda:0'), tensor([   1,    2,    3,  ..., 4918, 4919, 4920], device='cuda:0')) 
edges shae:

number of nodes: 6796

number of edges: 73186

node features (random input): tensor([[-0.4359],
        [ 0.6119],
        [ 0.1067],
        ...,
        [-0.7719],
        [-0.6415],
        [ 0.7913]], device='cuda:0', requires_grad=True) 
node features sum: tensor(47.8102, device='cuda:0', grad_fn=<SumBackward0>)

edges features: tensor([[1.],
        [1.],
        [1.],
        ...,
        [1.],
        [1.],
        [1.]], device='cuda:0', requires_grad=True) 
edges features sum: tensor(73186., device='cuda:0', grad_fn=<SumBackward0>)

example: 
Out degrees of node 234: 14

In degrees of node 234: 14
Model name: DGLBhaGcnReNewestweight7N4

net GCN(
  (conv1): GraphConv(in=1, out=256, normalization=both, activation=None)
  (conv2): GraphConv(in=256, out=128, normalization=both, activation=None)
  (conv3): GraphConv(in=128, out=64, normalization=both, activation=None)
  (conv4): GraphConv(in=64, out=32, normalization=both, activation=None)
  (conv5): GraphConv(in=32, out=1, normalization=both, activation=None)
) 
number of the free learnable parameters: 43777

parameters of the network:

name conv1.weight 
shape:
 torch.Size([1, 256]) 
grad:
 True 
date:
 tensor([[ 0.1018,  0.1275,  0.1067,  0.0587,  0.1470, -0.0162, -0.0081, -0.0317,
          0.0052, -0.0560, -0.0416,  0.0299,  0.1522,  0.1057, -0.0897,  0.1130,
          0.0772,  0.0193,  0.0388, -0.1306,  0.1196,  0.1507, -0.0933,  0.1368,
         -0.1393, -0.0568,  0.1349,  0.1235, -0.0946, -0.0158, -0.0563, -0.1168,
         -0.1217, -0.1008,  0.1198,  0.0441,  0.1111, -0.0364, -0.0782, -0.1342,
          0.0421, -0.1051, -0.1332, -0.0306,  0.1005, -0.0359, -0.0560,  0.1520,
          0.1453, -0.1184,  0.1286, -0.0382,  0.0906,  0.0353,  0.0109,  0.1356,
          0.0987,  0.0536,  0.0114,  0.0582,  0.0177, -0.1127, -0.0191, -0.0308,
         -0.0809,  0.0192, -0.1356, -0.1083, -0.1390, -0.0423, -0.0536,  0.0143,
         -0.1203, -0.0415,  0.1408,  0.1496,  0.0028,  0.1005,  0.0065,  0.0316,
         -0.0955, -0.0429,  0.1301,  0.1098, -0.1516, -0.0814,  0.0646,  0.0621,
         -0.1039, -0.0135,  0.0693, -0.1164,  0.0432,  0.0193, -0.0549, -0.1368,
          0.1118,  0.1298, -0.0420,  0.0017, -0.0966,  0.0313, -0.0975,  0.0235,
         -0.0307,  0.0926,  0.1057, -0.0691,  0.1295,  0.0961, -0.0952,  0.0617,
          0.0565, -0.1307,  0.0698,  0.0870, -0.1266, -0.1020,  0.0317,  0.0290,
          0.0177,  0.1153, -0.0496,  0.0743,  0.0946, -0.1232,  0.1335,  0.1476,
         -0.1486,  0.1231,  0.0681, -0.0863,  0.0442,  0.0194,  0.1524,  0.1291,
         -0.1031,  0.0782, -0.1171, -0.0127,  0.0813, -0.1315, -0.0478, -0.0288,
          0.0619, -0.0115,  0.0933,  0.0948,  0.0129,  0.0326,  0.1526, -0.0497,
         -0.0756, -0.0262, -0.0058, -0.0094, -0.1493, -0.0353,  0.0962, -0.1032,
          0.0553,  0.0394, -0.1268, -0.1011,  0.0033, -0.0931, -0.1267,  0.1270,
          0.0143,  0.1136,  0.0623,  0.1403, -0.0628, -0.0635, -0.0636,  0.0717,
          0.0168,  0.0168, -0.0020,  0.1397,  0.1084,  0.0038,  0.0787,  0.0916,
          0.0327, -0.1320,  0.1284, -0.0923, -0.1450,  0.0753, -0.0030,  0.1118,
          0.1228,  0.1520,  0.0593,  0.1411, -0.0128, -0.1309, -0.0783, -0.0367,
         -0.0776, -0.0189,  0.0244,  0.1110,  0.1353, -0.1504,  0.0245, -0.1229,
          0.0958, -0.0325, -0.1266,  0.0107, -0.0085, -0.1004,  0.0437,  0.1373,
          0.0862, -0.0293,  0.0629, -0.0565, -0.0306,  0.1173, -0.1475,  0.1452,
          0.0160,  0.1123, -0.0579,  0.0012, -0.0796,  0.0458, -0.0512, -0.0967,
          0.1316, -0.1281,  0.1128,  0.0438, -0.1098, -0.0593,  0.0479,  0.0711,
         -0.1217, -0.0532, -0.0117, -0.0858,  0.0617, -0.1214, -0.0079, -0.1184,
         -0.0135, -0.0820,  0.0584, -0.0051,  0.0484,  0.0026, -0.0148,  0.0357]]) 
parameter:
 Parameter containing:
tensor([[ 0.1018,  0.1275,  0.1067,  0.0587,  0.1470, -0.0162, -0.0081, -0.0317,
          0.0052, -0.0560, -0.0416,  0.0299,  0.1522,  0.1057, -0.0897,  0.1130,
          0.0772,  0.0193,  0.0388, -0.1306,  0.1196,  0.1507, -0.0933,  0.1368,
         -0.1393, -0.0568,  0.1349,  0.1235, -0.0946, -0.0158, -0.0563, -0.1168,
         -0.1217, -0.1008,  0.1198,  0.0441,  0.1111, -0.0364, -0.0782, -0.1342,
          0.0421, -0.1051, -0.1332, -0.0306,  0.1005, -0.0359, -0.0560,  0.1520,
          0.1453, -0.1184,  0.1286, -0.0382,  0.0906,  0.0353,  0.0109,  0.1356,
          0.0987,  0.0536,  0.0114,  0.0582,  0.0177, -0.1127, -0.0191, -0.0308,
         -0.0809,  0.0192, -0.1356, -0.1083, -0.1390, -0.0423, -0.0536,  0.0143,
         -0.1203, -0.0415,  0.1408,  0.1496,  0.0028,  0.1005,  0.0065,  0.0316,
         -0.0955, -0.0429,  0.1301,  0.1098, -0.1516, -0.0814,  0.0646,  0.0621,
         -0.1039, -0.0135,  0.0693, -0.1164,  0.0432,  0.0193, -0.0549, -0.1368,
          0.1118,  0.1298, -0.0420,  0.0017, -0.0966,  0.0313, -0.0975,  0.0235,
         -0.0307,  0.0926,  0.1057, -0.0691,  0.1295,  0.0961, -0.0952,  0.0617,
          0.0565, -0.1307,  0.0698,  0.0870, -0.1266, -0.1020,  0.0317,  0.0290,
          0.0177,  0.1153, -0.0496,  0.0743,  0.0946, -0.1232,  0.1335,  0.1476,
         -0.1486,  0.1231,  0.0681, -0.0863,  0.0442,  0.0194,  0.1524,  0.1291,
         -0.1031,  0.0782, -0.1171, -0.0127,  0.0813, -0.1315, -0.0478, -0.0288,
          0.0619, -0.0115,  0.0933,  0.0948,  0.0129,  0.0326,  0.1526, -0.0497,
         -0.0756, -0.0262, -0.0058, -0.0094, -0.1493, -0.0353,  0.0962, -0.1032,
          0.0553,  0.0394, -0.1268, -0.1011,  0.0033, -0.0931, -0.1267,  0.1270,
          0.0143,  0.1136,  0.0623,  0.1403, -0.0628, -0.0635, -0.0636,  0.0717,
          0.0168,  0.0168, -0.0020,  0.1397,  0.1084,  0.0038,  0.0787,  0.0916,
          0.0327, -0.1320,  0.1284, -0.0923, -0.1450,  0.0753, -0.0030,  0.1118,
          0.1228,  0.1520,  0.0593,  0.1411, -0.0128, -0.1309, -0.0783, -0.0367,
         -0.0776, -0.0189,  0.0244,  0.1110,  0.1353, -0.1504,  0.0245, -0.1229,
          0.0958, -0.0325, -0.1266,  0.0107, -0.0085, -0.1004,  0.0437,  0.1373,
          0.0862, -0.0293,  0.0629, -0.0565, -0.0306,  0.1173, -0.1475,  0.1452,
          0.0160,  0.1123, -0.0579,  0.0012, -0.0796,  0.0458, -0.0512, -0.0967,
          0.1316, -0.1281,  0.1128,  0.0438, -0.1098, -0.0593,  0.0479,  0.0711,
         -0.1217, -0.0532, -0.0117, -0.0858,  0.0617, -0.1214, -0.0079, -0.1184,
         -0.0135, -0.0820,  0.0584, -0.0051,  0.0484,  0.0026, -0.0148,  0.0357]],
       requires_grad=True)

name conv1.bias 
shape:
 torch.Size([256]) 
grad:
 True 
date:
 tensor([0., 0., 0., 0., 0., 0., 0., 0., 0., 0., 0., 0., 0., 0., 0., 0., 0., 0., 0., 0., 0., 0., 0., 0.,
        0., 0., 0., 0., 0., 0., 0., 0., 0., 0., 0., 0., 0., 0., 0., 0., 0., 0., 0., 0., 0., 0., 0., 0.,
        0., 0., 0., 0., 0., 0., 0., 0., 0., 0., 0., 0., 0., 0., 0., 0., 0., 0., 0., 0., 0., 0., 0., 0.,
        0., 0., 0., 0., 0., 0., 0., 0., 0., 0., 0., 0., 0., 0., 0., 0., 0., 0., 0., 0., 0., 0., 0., 0.,
        0., 0., 0., 0., 0., 0., 0., 0., 0., 0., 0., 0., 0., 0., 0., 0., 0., 0., 0., 0., 0., 0., 0., 0.,
        0., 0., 0., 0., 0., 0., 0., 0., 0., 0., 0., 0., 0., 0., 0., 0., 0., 0., 0., 0., 0., 0., 0., 0.,
        0., 0., 0., 0., 0., 0., 0., 0., 0., 0., 0., 0., 0., 0., 0., 0., 0., 0., 0., 0., 0., 0., 0., 0.,
        0., 0., 0., 0., 0., 0., 0., 0., 0., 0., 0., 0., 0., 0., 0., 0., 0., 0., 0., 0., 0., 0., 0., 0.,
        0., 0., 0., 0., 0., 0., 0., 0., 0., 0., 0., 0., 0., 0., 0., 0., 0., 0., 0., 0., 0., 0., 0., 0.,
        0., 0., 0., 0., 0., 0., 0., 0., 0., 0., 0., 0., 0., 0., 0., 0., 0., 0., 0., 0., 0., 0., 0., 0.,
        0., 0., 0., 0., 0., 0., 0., 0., 0., 0., 0., 0., 0., 0., 0., 0.]) 
parameter:
 Parameter containing:
tensor([0., 0., 0., 0., 0., 0., 0., 0., 0., 0., 0., 0., 0., 0., 0., 0., 0., 0., 0., 0., 0., 0., 0., 0.,
        0., 0., 0., 0., 0., 0., 0., 0., 0., 0., 0., 0., 0., 0., 0., 0., 0., 0., 0., 0., 0., 0., 0., 0.,
        0., 0., 0., 0., 0., 0., 0., 0., 0., 0., 0., 0., 0., 0., 0., 0., 0., 0., 0., 0., 0., 0., 0., 0.,
        0., 0., 0., 0., 0., 0., 0., 0., 0., 0., 0., 0., 0., 0., 0., 0., 0., 0., 0., 0., 0., 0., 0., 0.,
        0., 0., 0., 0., 0., 0., 0., 0., 0., 0., 0., 0., 0., 0., 0., 0., 0., 0., 0., 0., 0., 0., 0., 0.,
        0., 0., 0., 0., 0., 0., 0., 0., 0., 0., 0., 0., 0., 0., 0., 0., 0., 0., 0., 0., 0., 0., 0., 0.,
        0., 0., 0., 0., 0., 0., 0., 0., 0., 0., 0., 0., 0., 0., 0., 0., 0., 0., 0., 0., 0., 0., 0., 0.,
        0., 0., 0., 0., 0., 0., 0., 0., 0., 0., 0., 0., 0., 0., 0., 0., 0., 0., 0., 0., 0., 0., 0., 0.,
        0., 0., 0., 0., 0., 0., 0., 0., 0., 0., 0., 0., 0., 0., 0., 0., 0., 0., 0., 0., 0., 0., 0., 0.,
        0., 0., 0., 0., 0., 0., 0., 0., 0., 0., 0., 0., 0., 0., 0., 0., 0., 0., 0., 0., 0., 0., 0., 0.,
        0., 0., 0., 0., 0., 0., 0., 0., 0., 0., 0., 0., 0., 0., 0., 0.],
       requires_grad=True)

name conv2.weight 
shape:
 torch.Size([256, 128]) 
grad:
 True 
date:
 tensor([[-0.0433,  0.0448, -0.0773,  ..., -0.0209, -0.1150, -0.0403],
        [-0.0900,  0.0187, -0.1095,  ...,  0.0372,  0.1191, -0.0951],
        [-0.0830,  0.1141, -0.0555,  ..., -0.0204, -0.1064,  0.1207],
        ...,
        [-0.0548,  0.0028,  0.1116,  ..., -0.1111, -0.1247, -0.0471],
        [ 0.0661, -0.0772,  0.0401,  ..., -0.1191,  0.0758, -0.0306],
        [ 0.0788,  0.0989, -0.0389,  ..., -0.0581,  0.0013, -0.0603]]) 
parameter:
 Parameter containing:
tensor([[-0.0433,  0.0448, -0.0773,  ..., -0.0209, -0.1150, -0.0403],
        [-0.0900,  0.0187, -0.1095,  ...,  0.0372,  0.1191, -0.0951],
        [-0.0830,  0.1141, -0.0555,  ..., -0.0204, -0.1064,  0.1207],
        ...,
        [-0.0548,  0.0028,  0.1116,  ..., -0.1111, -0.1247, -0.0471],
        [ 0.0661, -0.0772,  0.0401,  ..., -0.1191,  0.0758, -0.0306],
        [ 0.0788,  0.0989, -0.0389,  ..., -0.0581,  0.0013, -0.0603]],
       requires_grad=True)

name conv2.bias 
shape:
 torch.Size([128]) 
grad:
 True 
date:
 tensor([0., 0., 0., 0., 0., 0., 0., 0., 0., 0., 0., 0., 0., 0., 0., 0., 0., 0., 0., 0., 0., 0., 0., 0.,
        0., 0., 0., 0., 0., 0., 0., 0., 0., 0., 0., 0., 0., 0., 0., 0., 0., 0., 0., 0., 0., 0., 0., 0.,
        0., 0., 0., 0., 0., 0., 0., 0., 0., 0., 0., 0., 0., 0., 0., 0., 0., 0., 0., 0., 0., 0., 0., 0.,
        0., 0., 0., 0., 0., 0., 0., 0., 0., 0., 0., 0., 0., 0., 0., 0., 0., 0., 0., 0., 0., 0., 0., 0.,
        0., 0., 0., 0., 0., 0., 0., 0., 0., 0., 0., 0., 0., 0., 0., 0., 0., 0., 0., 0., 0., 0., 0., 0.,
        0., 0., 0., 0., 0., 0., 0., 0.]) 
parameter:
 Parameter containing:
tensor([0., 0., 0., 0., 0., 0., 0., 0., 0., 0., 0., 0., 0., 0., 0., 0., 0., 0., 0., 0., 0., 0., 0., 0.,
        0., 0., 0., 0., 0., 0., 0., 0., 0., 0., 0., 0., 0., 0., 0., 0., 0., 0., 0., 0., 0., 0., 0., 0.,
        0., 0., 0., 0., 0., 0., 0., 0., 0., 0., 0., 0., 0., 0., 0., 0., 0., 0., 0., 0., 0., 0., 0., 0.,
        0., 0., 0., 0., 0., 0., 0., 0., 0., 0., 0., 0., 0., 0., 0., 0., 0., 0., 0., 0., 0., 0., 0., 0.,
        0., 0., 0., 0., 0., 0., 0., 0., 0., 0., 0., 0., 0., 0., 0., 0., 0., 0., 0., 0., 0., 0., 0., 0.,
        0., 0., 0., 0., 0., 0., 0., 0.], requires_grad=True)

name conv3.weight 
shape:
 torch.Size([128, 64]) 
grad:
 True 
date:
 tensor([[-4.1453e-02,  8.3276e-02, -1.2786e-01,  ...,  1.5002e-01,
          1.5889e-01,  2.8748e-02],
        [-9.1615e-02, -4.2796e-02,  1.7211e-01,  ..., -1.1330e-01,
          1.3559e-01,  1.7028e-02],
        [-9.8298e-02, -5.6812e-02,  1.4252e-01,  ...,  5.6292e-02,
          9.6767e-02, -7.0947e-02],
        ...,
        [-6.0633e-02, -4.6662e-02, -4.7917e-03,  ..., -1.3527e-04,
         -7.9379e-02,  9.9515e-02],
        [-1.1919e-01,  3.5506e-02, -1.2339e-01,  ..., -7.6918e-02,
         -4.0077e-02, -1.4751e-01],
        [-1.7086e-01, -3.6837e-02,  5.3550e-02,  ..., -6.7419e-02,
          1.7875e-02,  1.5081e-01]]) 
parameter:
 Parameter containing:
tensor([[-4.1453e-02,  8.3276e-02, -1.2786e-01,  ...,  1.5002e-01,
          1.5889e-01,  2.8748e-02],
        [-9.1615e-02, -4.2796e-02,  1.7211e-01,  ..., -1.1330e-01,
          1.3559e-01,  1.7028e-02],
        [-9.8298e-02, -5.6812e-02,  1.4252e-01,  ...,  5.6292e-02,
          9.6767e-02, -7.0947e-02],
        ...,
        [-6.0633e-02, -4.6662e-02, -4.7917e-03,  ..., -1.3527e-04,
         -7.9379e-02,  9.9515e-02],
        [-1.1919e-01,  3.5506e-02, -1.2339e-01,  ..., -7.6918e-02,
         -4.0077e-02, -1.4751e-01],
        [-1.7086e-01, -3.6837e-02,  5.3550e-02,  ..., -6.7419e-02,
          1.7875e-02,  1.5081e-01]], requires_grad=True)

name conv3.bias 
shape:
 torch.Size([64]) 
grad:
 True 
date:
 tensor([0., 0., 0., 0., 0., 0., 0., 0., 0., 0., 0., 0., 0., 0., 0., 0., 0., 0., 0., 0., 0., 0., 0., 0.,
        0., 0., 0., 0., 0., 0., 0., 0., 0., 0., 0., 0., 0., 0., 0., 0., 0., 0., 0., 0., 0., 0., 0., 0.,
        0., 0., 0., 0., 0., 0., 0., 0., 0., 0., 0., 0., 0., 0., 0., 0.]) 
parameter:
 Parameter containing:
tensor([0., 0., 0., 0., 0., 0., 0., 0., 0., 0., 0., 0., 0., 0., 0., 0., 0., 0., 0., 0., 0., 0., 0., 0.,
        0., 0., 0., 0., 0., 0., 0., 0., 0., 0., 0., 0., 0., 0., 0., 0., 0., 0., 0., 0., 0., 0., 0., 0.,
        0., 0., 0., 0., 0., 0., 0., 0., 0., 0., 0., 0., 0., 0., 0., 0.],
       requires_grad=True)

name conv4.weight 
shape:
 torch.Size([64, 32]) 
grad:
 True 
date:
 tensor([[ 0.0470, -0.0732, -0.0611,  ..., -0.0859,  0.1574, -0.1324],
        [ 0.2163,  0.1990, -0.1946,  ...,  0.0048, -0.0193,  0.1537],
        [-0.2263, -0.1564,  0.2015,  ..., -0.1069, -0.2429,  0.1591],
        ...,
        [ 0.2094, -0.0622,  0.2223,  ...,  0.2064,  0.0852,  0.2109],
        [ 0.0119,  0.0263,  0.2098,  ...,  0.0838, -0.1396,  0.2209],
        [ 0.1441,  0.0141,  0.0989,  ...,  0.1395,  0.0251, -0.0345]]) 
parameter:
 Parameter containing:
tensor([[ 0.0470, -0.0732, -0.0611,  ..., -0.0859,  0.1574, -0.1324],
        [ 0.2163,  0.1990, -0.1946,  ...,  0.0048, -0.0193,  0.1537],
        [-0.2263, -0.1564,  0.2015,  ..., -0.1069, -0.2429,  0.1591],
        ...,
        [ 0.2094, -0.0622,  0.2223,  ...,  0.2064,  0.0852,  0.2109],
        [ 0.0119,  0.0263,  0.2098,  ...,  0.0838, -0.1396,  0.2209],
        [ 0.1441,  0.0141,  0.0989,  ...,  0.1395,  0.0251, -0.0345]],
       requires_grad=True)

name conv4.bias 
shape:
 torch.Size([32]) 
grad:
 True 
date:
 tensor([0., 0., 0., 0., 0., 0., 0., 0., 0., 0., 0., 0., 0., 0., 0., 0., 0., 0., 0., 0., 0., 0., 0., 0.,
        0., 0., 0., 0., 0., 0., 0., 0.]) 
parameter:
 Parameter containing:
tensor([0., 0., 0., 0., 0., 0., 0., 0., 0., 0., 0., 0., 0., 0., 0., 0., 0., 0., 0., 0., 0., 0., 0., 0.,
        0., 0., 0., 0., 0., 0., 0., 0.], requires_grad=True)

name conv5.weight 
shape:
 torch.Size([32, 1]) 
grad:
 True 
date:
 tensor([[-0.0978],
        [ 0.0590],
        [ 0.0891],
        [ 0.4026],
        [-0.0538],
        [-0.1274],
        [ 0.1377],
        [ 0.2500],
        [ 0.3519],
        [ 0.3554],
        [ 0.0549],
        [ 0.2159],
        [ 0.0348],
        [ 0.2373],
        [-0.1478],
        [ 0.0729],
        [-0.2098],
        [ 0.2816],
        [-0.1713],
        [-0.0206],
        [-0.1043],
        [ 0.3778],
        [ 0.1781],
        [-0.0056],
        [-0.4036],
        [ 0.0590],
        [-0.1271],
        [-0.2352],
        [-0.2880],
        [-0.2722],
        [-0.1141],
        [ 0.3560]]) 
parameter:
 Parameter containing:
tensor([[-0.0978],
        [ 0.0590],
        [ 0.0891],
        [ 0.4026],
        [-0.0538],
        [-0.1274],
        [ 0.1377],
        [ 0.2500],
        [ 0.3519],
        [ 0.3554],
        [ 0.0549],
        [ 0.2159],
        [ 0.0348],
        [ 0.2373],
        [-0.1478],
        [ 0.0729],
        [-0.2098],
        [ 0.2816],
        [-0.1713],
        [-0.0206],
        [-0.1043],
        [ 0.3778],
        [ 0.1781],
        [-0.0056],
        [-0.4036],
        [ 0.0590],
        [-0.1271],
        [-0.2352],
        [-0.2880],
        [-0.2722],
        [-0.1141],
        [ 0.3560]], requires_grad=True)

name conv5.bias 
shape:
 torch.Size([1]) 
grad:
 True 
date:
 tensor([0.]) 
parameter:
 Parameter containing:
tensor([0.], requires_grad=True)
Traceback (most recent call last):
  File "/hpcfs/bes/mlgpu/hoseinkk/MLTracking/otherparticles/pppipi/DGLBhaGcnReNewestweight7N4/./Results.py", line 2, in <module>
    from ModelBha import *
  File "/hpcfs/bes/mlgpu/hoseinkk/MLTracking/otherparticles/pppipi/DGLBhaGcnReNewestweight7N4/ModelBha.py", line 133, in <module>
    result1 = net(dglgraph, TraTen[1007].reshape(6796, 1))
  File "/hpcfs/bes/mlgpu/hoseinkk/Miniconda3/envs/dgl1/lib/python3.9/site-packages/torch/nn/modules/module.py", line 1102, in _call_impl
    return forward_call(*input, **kwargs)
  File "/hpcfs/bes/mlgpu/hoseinkk/MLTracking/otherparticles/pppipi/DGLBhaGcnReNewestweight7N4/ModelBha.py", line 47, in forward
    h = self.conv1(g, in_fet)
  File "/hpcfs/bes/mlgpu/hoseinkk/Miniconda3/envs/dgl1/lib/python3.9/site-packages/torch/nn/modules/module.py", line 1102, in _call_impl
    return forward_call(*input, **kwargs)
  File "/hpcfs/bes/mlgpu/hoseinkk/Miniconda3/envs/dgl1/lib/python3.9/site-packages/dgl/nn/pytorch/conv/graphconv.py", line 437, in forward
    rst = th.matmul(rst, weight)
RuntimeError: Expected all tensors to be on the same device, but found at least two devices, cuda:0 and cpu! (when checking argument for argument mat2 in method wrapper_mm)

real	0m25.231s
user	0m15.622s
sys	0m5.799s
