0: gpu017.ihep.ac.cn
GPU 0: Tesla V100-SXM2-32GB (UUID: GPU-c8eed28e-aee2-6a6a-9751-8500b0767218)
Allocate GPU cards : 0

modinfo:
filename:       /lib/modules/3.10.0-1160.71.1.el7.x86_64/extra/nvidia.ko.xz
firmware:       nvidia/515.65.01/gsp.bin
alias:          char-major-195-*
version:        515.65.01
supported:      external
license:        NVIDIA
retpoline:      Y
rhelversion:    7.9
srcversion:     8049D44E2C1B08F41E1B8A6
alias:          pci:v000010DEd*sv*sd*bc06sc80i00*
alias:          pci:v000010DEd*sv*sd*bc03sc02i00*
alias:          pci:v000010DEd*sv*sd*bc03sc00i00*
depends:        drm
vermagic:       3.10.0-1160.71.1.el7.x86_64 SMP mod_unload modversions 
signer:         DKMS module signing key
sig_key:        C4:64:50:D8:87:C7:BF:7B:09:37:45:B2:46:27:43:DB:88:3D:E5:26
sig_hashalgo:   sha512
parm:           NvSwitchRegDwords:NvSwitch regkey (charp)
parm:           NvSwitchBlacklist:NvSwitchBlacklist=uuid[,uuid...] (charp)
parm:           NVreg_ResmanDebugLevel:int
parm:           NVreg_RmLogonRC:int
parm:           NVreg_ModifyDeviceFiles:int
parm:           NVreg_DeviceFileUID:int
parm:           NVreg_DeviceFileGID:int
parm:           NVreg_DeviceFileMode:int
parm:           NVreg_InitializeSystemMemoryAllocations:int
parm:           NVreg_UsePageAttributeTable:int
parm:           NVreg_EnablePCIeGen3:int
parm:           NVreg_EnableMSI:int
parm:           NVreg_TCEBypassMode:int
parm:           NVreg_EnableStreamMemOPs:int
parm:           NVreg_RestrictProfilingToAdminUsers:int
parm:           NVreg_PreserveVideoMemoryAllocations:int
parm:           NVreg_EnableS0ixPowerManagement:int
parm:           NVreg_S0ixPowerManagementVideoMemoryThreshold:int
parm:           NVreg_DynamicPowerManagement:int
parm:           NVreg_DynamicPowerManagementVideoMemoryThreshold:int
parm:           NVreg_EnableGpuFirmware:int
parm:           NVreg_EnableGpuFirmwareLogs:int
parm:           NVreg_OpenRmEnableUnsupportedGpus:int
parm:           NVreg_EnableUserNUMAManagement:int
parm:           NVreg_MemoryPoolSize:int
parm:           NVreg_KMallocHeapMaxSize:int
parm:           NVreg_VMallocHeapMaxSize:int
parm:           NVreg_IgnoreMMIOCheck:int
parm:           NVreg_NvLinkDisable:int
parm:           NVreg_EnablePCIERelaxedOrderingMode:int
parm:           NVreg_RegisterPCIDriver:int
parm:           NVreg_EnableDbgBreakpoint:int
parm:           NVreg_RegistryDwords:charp
parm:           NVreg_RegistryDwordsPerDevice:charp
parm:           NVreg_RmMsg:charp
parm:           NVreg_GpuBlacklist:charp
parm:           NVreg_TemporaryFilePath:charp
parm:           NVreg_ExcludedGpus:charp
parm:           NVreg_DmaRemapPeerMmio:int
parm:           rm_firmware_active:charp

nvidia-smi:
Mon Sep 26 11:15:26 2022       
+-----------------------------------------------------------------------------+
| NVIDIA-SMI 515.65.01    Driver Version: 515.65.01    CUDA Version: 11.7     |
|-------------------------------+----------------------+----------------------+
| GPU  Name        Persistence-M| Bus-Id        Disp.A | Volatile Uncorr. ECC |
| Fan  Temp  Perf  Pwr:Usage/Cap|         Memory-Usage | GPU-Util  Compute M. |
|                               |                      |               MIG M. |
|===============================+======================+======================|
|   0  Tesla V100-SXM2...  On   | 00000000:1C:00.0 Off |                    0 |
| N/A   40C    P0    44W / 300W |      0MiB / 32768MiB |      0%      Default |
|                               |                      |                  N/A |
+-------------------------------+----------------------+----------------------+
                                                                               
+-----------------------------------------------------------------------------+
| Processes:                                                                  |
|  GPU   GI   CI        PID   Type   Process name                  GPU Memory |
|        ID   ID                                                   Usage      |
|=============================================================================|
|  No running processes found                                                 |
+-----------------------------------------------------------------------------+

nvcc --version:
nvcc: NVIDIA (R) Cuda compiler driver
Copyright (c) 2005-2021 NVIDIA Corporation
Built on Sun_Mar_21_19:15:46_PDT_2021
Cuda compilation tools, release 11.3, V11.3.58
Build cuda_11.3.r11.3/compiler.29745058_0

 torch version: 1.10.2

 cuda version: 11.3

 is cuda available: True

 CUDNN VERSION: 8200

 Number CUDA Devices: 1

 CUDA Device Name: Tesla V100-SXM2-32GB

 CUDA Device Total Memory [GB]: 34.089926656

 Device capability: (7, 0) 

 Cuda deviice: <torch.cuda.device object at 0x2b3ab0a078e0> 

 Is cuda initialized: True

 CUDA_HOME: /hpcfs/bes/mlgpu/hoseinkk/Miniconda3/envs/dgl1

real	0m43.437s
user	0m3.734s
sys	0m2.334s




 Training ... 






 The Network ... 






 The graph ... 



edge_index
 tensor([[   0,    1,    2,  ..., 4907, 4907, 4907],
        [   1,    2,    3,  ..., 4918, 4919, 4920]]) 

edge_index shape
 torch.Size([2, 36593])
graph: Graph(num_nodes=6796, num_edges=36593,
      ndata_schemes={}
      edata_schemes={}) 
nodes: tensor([   0,    1,    2,  ..., 6793, 6794, 6795], device='cuda:0') 
nodes shape: torch.Size([6796]) 
edges: (tensor([   0,    1,    2,  ..., 4907, 4907, 4907], device='cuda:0'), tensor([   1,    2,    3,  ..., 4918, 4919, 4920], device='cuda:0')) 
edges shae:
Traceback (most recent call last):
  File "/hpcfs/bes/mlgpu/hoseinkk/MLTracking/otherparticles/pppipi/DGLBhaGcnReNewestweight7N4/./TrainingBhaself.py", line 5, in <module>
    from ModelBhaself import *
  File "/hpcfs/bes/mlgpu/hoseinkk/MLTracking/otherparticles/pppipi/DGLBhaGcnReNewestweight7N4/ModelBhaself.py", line 3, in <module>
    from GraphDefself import *
  File "/hpcfs/bes/mlgpu/hoseinkk/MLTracking/otherparticles/pppipi/DGLBhaGcnReNewestweight7N4/GraphDefself.py", line 35, in <module>
    dglgraph = dgl.add_self_loop(dglgraph, edge_feat_names='efet', fill_data='max')
  File "/hpcfs/bes/mlgpu/hoseinkk/Miniconda3/envs/dgl1/lib/python3.9/site-packages/dgl/transforms/functional.py", line 1950, in add_self_loop
    g.update_all(function.copy_e(feat_name, "h"), reducer('h', 'h'), etype=etype)
  File "/hpcfs/bes/mlgpu/hoseinkk/Miniconda3/envs/dgl1/lib/python3.9/site-packages/dgl/heterograph.py", line 4895, in update_all
    ndata = core.message_passing(g, message_func, reduce_func, apply_node_func)
  File "/hpcfs/bes/mlgpu/hoseinkk/Miniconda3/envs/dgl1/lib/python3.9/site-packages/dgl/core.py", line 357, in message_passing
    ndata = invoke_gspmm(g, mfunc, rfunc)
  File "/hpcfs/bes/mlgpu/hoseinkk/Miniconda3/envs/dgl1/lib/python3.9/site-packages/dgl/core.py", line 325, in invoke_gspmm
    x = alldata[mfunc.target][mfunc.in_field]
  File "/hpcfs/bes/mlgpu/hoseinkk/Miniconda3/envs/dgl1/lib/python3.9/site-packages/dgl/view.py", line 192, in __getitem__
    return self._graph._get_e_repr(self._etid, self._edges)[key]
  File "/hpcfs/bes/mlgpu/hoseinkk/Miniconda3/envs/dgl1/lib/python3.9/site-packages/dgl/frame.py", line 622, in __getitem__
    return self._columns[name].data
KeyError: 'e'

real	0m42.062s
user	0m5.875s
sys	0m5.042s
