0: cmsgpu001.ihep.ac.cn
GPU 0: NVIDIA A100-PCIE-40GB (UUID: GPU-83673d1f-01b2-490d-5bc6-a84aaf3ddc65)
Allocate GPU cards : 0

modinfo:
filename:       /lib/modules/3.10.0-1127.8.2.el7.x86_64/extra/nvidia.ko.xz
alias:          char-major-195-*
version:        465.19.01
supported:      external
license:        NVIDIA
firmware:       nvidia/465.19.01/gsp.bin
retpoline:      Y
rhelversion:    7.8
srcversion:     976AD09EB9C3B8943CBA8C4
alias:          pci:v000010DEd*sv*sd*bc03sc02i00*
alias:          pci:v000010DEd*sv*sd*bc03sc00i00*
depends:        
vermagic:       3.10.0-1127.8.2.el7.x86_64 SMP mod_unload modversions 
parm:           NvSwitchRegDwords:NvSwitch regkey (charp)
parm:           NvSwitchBlacklist:NvSwitchBlacklist=uuid[,uuid...] (charp)
parm:           nv_cap_enable_devfs:Enable (1) or disable (0) nv-caps devfs support. Default: 1 (int)
parm:           NVreg_ResmanDebugLevel:int
parm:           NVreg_RmLogonRC:int
parm:           NVreg_ModifyDeviceFiles:int
parm:           NVreg_DeviceFileUID:int
parm:           NVreg_DeviceFileGID:int
parm:           NVreg_DeviceFileMode:int
parm:           NVreg_InitializeSystemMemoryAllocations:int
parm:           NVreg_UsePageAttributeTable:int
parm:           NVreg_RegisterForACPIEvents:int
parm:           NVreg_EnablePCIeGen3:int
parm:           NVreg_EnableMSI:int
parm:           NVreg_TCEBypassMode:int
parm:           NVreg_EnableStreamMemOPs:int
parm:           NVreg_RestrictProfilingToAdminUsers:int
parm:           NVreg_PreserveVideoMemoryAllocations:int
parm:           NVreg_EnableS0ixPowerManagement:int
parm:           NVreg_S0ixPowerManagementVideoMemoryThreshold:int
parm:           NVreg_DynamicPowerManagement:int
parm:           NVreg_DynamicPowerManagementVideoMemoryThreshold:int
parm:           NVreg_EnableGpuFirmware:int
parm:           NVreg_EnableUserNUMAManagement:int
parm:           NVreg_MemoryPoolSize:int
parm:           NVreg_KMallocHeapMaxSize:int
parm:           NVreg_VMallocHeapMaxSize:int
parm:           NVreg_IgnoreMMIOCheck:int
parm:           NVreg_NvLinkDisable:int
parm:           NVreg_EnablePCIERelaxedOrderingMode:int
parm:           NVreg_RegisterPCIDriver:int
parm:           NVreg_RegistryDwords:charp
parm:           NVreg_RegistryDwordsPerDevice:charp
parm:           NVreg_RmMsg:charp
parm:           NVreg_GpuBlacklist:charp
parm:           NVreg_TemporaryFilePath:charp
parm:           NVreg_ExcludedGpus:charp
parm:           rm_firmware_active:charp

nvidia-smi:
Sun Aug 14 01:32:25 2022       
+-----------------------------------------------------------------------------+
| NVIDIA-SMI 465.19.01    Driver Version: 465.19.01    CUDA Version: 11.3     |
|-------------------------------+----------------------+----------------------+
| GPU  Name        Persistence-M| Bus-Id        Disp.A | Volatile Uncorr. ECC |
| Fan  Temp  Perf  Pwr:Usage/Cap|         Memory-Usage | GPU-Util  Compute M. |
|                               |                      |               MIG M. |
|===============================+======================+======================|
|   0  NVIDIA A100-PCI...  On   | 00000000:3B:00.0 Off |                    0 |
| N/A   24C    P0    32W / 250W |      0MiB / 40536MiB |      0%      Default |
|                               |                      |             Disabled |
+-------------------------------+----------------------+----------------------+
                                                                               
+-----------------------------------------------------------------------------+
| Processes:                                                                  |
|  GPU   GI   CI        PID   Type   Process name                  GPU Memory |
|        ID   ID                                                   Usage      |
|=============================================================================|
|  No running processes found                                                 |
+-----------------------------------------------------------------------------+

nvcc --version:
nvcc: NVIDIA (R) Cuda compiler driver
Copyright (c) 2005-2021 NVIDIA Corporation
Built on Sun_Mar_21_19:15:46_PDT_2021
Cuda compilation tools, release 11.3, V11.3.58
Build cuda_11.3.r11.3/compiler.29745058_0

 torch version: 1.10.2

 cuda version: 11.3

 is cuda available: True

 CUDNN VERSION: 8200

 Number CUDA Devices: 1

 CUDA Device Name: NVIDIA A100-PCIE-40GB

 CUDA Device Total Memory [GB]: 42.505273344

 Device capability: (8, 0) 

 Cuda deviice: <torch.cuda.device object at 0x2ac2f34ba880> 

 Is cuda initialized: True

 CUDA_HOME: /hpcfs/bes/mlgpu/hoseinkk/Miniconda3/envs/dgl1

real	3m27.890s
user	0m3.876s
sys	0m3.368s
[01:36:00] /opt/dgl/src/runtime/tensordispatch.cc:43: TensorDispatcher: dlopen failed: /hpcfs/bes/mlgpu/hoseinkk/Miniconda3/envs/dgl1/lib/python3.9/site-packages/dgl/tensoradapter/pytorch/libtensoradapter_pytorch_1.10.2.so: cannot open shared object file: No such file or directory
Using backend: pytorch
/hpcfs/bes/mlgpu/hoseinkk/Miniconda3/envs/dgl1/lib/python3.9/site-packages/cupy/_environment.py:438: UserWarning: 
--------------------------------------------------------------------------------

  CuPy may not function correctly because multiple CuPy packages are installed
  in your environment:

    cupy, cupy-cuda110

  Follow these steps to resolve this issue:

    1. For all packages listed above, run the following command to remove all
       existing CuPy installations:

         $ pip uninstall <package_name>

      If you previously installed CuPy via conda, also run the following:

         $ conda uninstall cupy

    2. Install the appropriate CuPy package.
       Refer to the Installation Guide for detailed instructions.

         https://docs.cupy.dev/en/stable/install.html

--------------------------------------------------------------------------------

  warnings.warn(f'''




 Training ... 






 The Network ... 






 The graph ... 



edge_index
 tensor([[   0,    1,    2,  ..., 4907, 4907, 4907],
        [   1,    2,    3,  ..., 4918, 4919, 4920]]) 

edge_index shape
 torch.Size([2, 36593])
graph: Graph(num_nodes=6796, num_edges=36593,
      ndata_schemes={}
      edata_schemes={}) 
nodes: tensor([   0,    1,    2,  ..., 6793, 6794, 6795], device='cuda:0') 
nodes shape: torch.Size([6796]) 
edges: (tensor([   0,    1,    2,  ..., 4907, 4907, 4907], device='cuda:0'), tensor([   1,    2,    3,  ..., 4918, 4919, 4920], device='cuda:0')) 
edges shae:

number of nodes: 6796

number of edges: 73186

node features (random input): tensor([[0.3685],
        [0.5556],
        [0.6100],
        ...,
        [0.2579],
        [1.3021],
        [2.2624]], device='cuda:0', requires_grad=True) 
node features sum: tensor(51.0567, device='cuda:0', grad_fn=<SumBackward0>)

edges features: tensor([[1.],
        [1.],
        [1.],
        ...,
        [1.],
        [1.],
        [1.]], device='cuda:0', requires_grad=True) 
edges features sum: tensor(73186., device='cuda:0', grad_fn=<SumBackward0>)

example: 
Out degrees of node 234: 14

In degrees of node 234: 14





 Loading data ... 


Traceback (most recent call last):
  File "/hpcfs/bes/mlgpu/hoseinkk/MLTracking/otherparticles/pppipi/DGLpppipiGcnReNewestweight7N3/./Training.py", line 5, in <module>
    from Model import *
  File "/hpcfs/bes/mlgpu/hoseinkk/MLTracking/otherparticles/pppipi/DGLpppipiGcnReNewestweight7N3/Model.py", line 4, in <module>
    from DataLoad import *
  File "/hpcfs/bes/mlgpu/hoseinkk/MLTracking/otherparticles/pppipi/DGLpppipiGcnReNewestweight7N3/DataLoad.py", line 10, in <module>
    traingnnpppipi = cp.load('/hpcfs/bes/mlgpu/hoseinkk/MLTracking/bhabha/bhabha-files/traingnnpppipi.npy')
  File "/hpcfs/bes/mlgpu/hoseinkk/Miniconda3/envs/dgl1/lib/python3.9/site-packages/cupy/_io/npz.py", line 64, in load
    obj = numpy.load(file, mmap_mode, allow_pickle)
  File "/hpcfs/bes/mlgpu/hoseinkk/Miniconda3/envs/dgl1/lib/python3.9/site-packages/numpy/lib/npyio.py", line 417, in load
    fid = stack.enter_context(open(os_fspath(file), "rb"))
FileNotFoundError: [Errno 2] No such file or directory: '/hpcfs/bes/mlgpu/hoseinkk/MLTracking/bhabha/bhabha-files/traingnnpppipi.npy'

real	2m58.361s
user	0m6.442s
sys	0m9.993s
